(14:50:51.594) INFO: [TadState] TAD state init (NONE)
(14:55:45.478) INFO: [TadModel] DSF session ID 0 has started
(14:55:51.639) INFO: [TadState] TAD state changed from DEBUG_STARTED to DEBUG_INIT_0 (Suspended, USER_REQUEST)
(14:55:53.915) INFO: [TadState] TAD state changed from DEBUG_INIT_0 to DEBUG_INIT_1 (Resumed, USER_REQUEST)
(14:55:53.943) INFO: [TadState] TAD state changed from DEBUG_INIT_1 to DEBUG_SUSPENDED (Suspended, BREAKPOINT)
(14:55:53.946) INFO: [TadState] TAD state changed from DEBUG_SUSPENDED to DEBUG_RESUMED (Suspended, SIGNAL)
(14:56:32.382) INFO: [TadState] TAD state changed from DEBUG_RESUMED to READY (Resumed, USER_REQUEST)
(14:57:08.015) INFO: [TadState] TAD state changed from READY to DEBUG_RESUMED (Suspended, SIGNAL)
(14:57:51.341) INFO: [TadModel] DSF session ID 1 has started
(14:57:53.952) INFO: [TadState] TAD state changed from DEBUG_STARTED to DEBUG_INIT_0 (Suspended, USER_REQUEST)
(14:57:57.203) INFO: [TadState] TAD state changed from DEBUG_INIT_0 to DEBUG_INIT_1 (Resumed, USER_REQUEST)
(14:57:57.229) INFO: [TadState] TAD state changed from DEBUG_INIT_1 to DEBUG_SUSPENDED (Suspended, BREAKPOINT)
(14:57:57.230) INFO: [TadState] TAD state changed from DEBUG_SUSPENDED to DEBUG_RESUMED (Resumed, USER_REQUEST)
(14:57:57.233) INFO: [TadState] TAD state changed from DEBUG_RESUMED to READY (Suspended, SIGNAL)
(14:57:57.743) ReadingException: com.freescale.mqx.gdb.tad.model.globalstatus.TadGlobalStatusFactory.isMqxDataValid() at 60.line "readLongVariableSafely(_mqx_kernel_data)"
(14:57:57.743) ERROR: [TadGlobalStatusFactory] Kernel Data NOT valid (pointer: 0x0000)
(14:57:57.744) ERROR: [TadGlobalStatusFactory] MQX data not valid!
(14:57:57.744) INFO: [TadModel$3] Loading of TAD Global Status took 507 ms
(14:57:57.744) INFO: [TadGlobalStatusController] TAD global status data is ready!
(14:57:58.919) INFO: [TadState] TAD state changed from READY to DEBUG_RESUMED (Resumed, USER_REQUEST)
(14:59:22.646) INFO: [TadState] TAD state changed from DEBUG_RESUMED to READY (Suspended, SIGNAL)
(14:59:23.149) ReadingException: com.freescale.mqx.gdb.tad.model.globalstatus.TadGlobalStatusFactory.isMqxDataValid() at 60.line "readLongVariableSafely(_mqx_kernel_data)"
(14:59:23.149) ERROR: [TadGlobalStatusFactory] Kernel Data NOT valid (pointer: 0x0000)
(14:59:23.149) ERROR: [TadGlobalStatusFactory] MQX data not valid!
(14:59:23.149) INFO: [TadModel$3] Loading of TAD Global Status took 500 ms
(14:59:23.149) INFO: [TadGlobalStatusController] TAD global status data is ready!
(14:59:24.299) INFO: [TadModel] DSF session ID 1 has ended
(14:59:27.103) INFO: [TadModel] DSF session ID 2 has started
(14:59:32.186) INFO: [TadState] TAD state changed from DEBUG_STARTED to DEBUG_INIT_0 (Suspended, USER_REQUEST)
(14:59:35.479) INFO: [TadState] TAD state changed from DEBUG_INIT_0 to DEBUG_INIT_1 (Resumed, USER_REQUEST)
(14:59:35.506) INFO: [TadState] TAD state changed from DEBUG_INIT_1 to DEBUG_SUSPENDED (Suspended, BREAKPOINT)
(14:59:35.506) INFO: [TadState] TAD state changed from DEBUG_SUSPENDED to DEBUG_RESUMED (Resumed, USER_REQUEST)
(14:59:35.509) INFO: [TadState] TAD state changed from DEBUG_RESUMED to READY (Suspended, SIGNAL)
(14:59:36.026) ReadingException: com.freescale.mqx.gdb.tad.model.globalstatus.TadGlobalStatusFactory.isMqxDataValid() at 60.line "readLongVariableSafely(_mqx_kernel_data)"
(14:59:36.026) ERROR: [TadGlobalStatusFactory] Kernel Data NOT valid (pointer: 0x0000)
(14:59:36.026) ERROR: [TadGlobalStatusFactory] MQX data not valid!
(14:59:36.026) INFO: [TadModel$3] Loading of TAD Global Status took 515 ms
(14:59:36.026) INFO: [TadGlobalStatusController] TAD global status data is ready!
(14:59:41.306) INFO: [TadState] TAD state changed from READY to DEBUG_RESUMED (Resumed, USER_REQUEST)
(14:59:56.075) INFO: [TadState] TAD state changed from DEBUG_RESUMED to READY (Suspended, SIGNAL)
(14:59:56.580) ReadingException: com.freescale.mqx.gdb.tad.model.globalstatus.TadGlobalStatusFactory.isMqxDataValid() at 60.line "readLongVariableSafely(_mqx_kernel_data)"
(14:59:56.580) ERROR: [TadGlobalStatusFactory] Kernel Data NOT valid (pointer: 0x0000)
(14:59:56.580) ERROR: [TadGlobalStatusFactory] MQX data not valid!
(14:59:56.580) INFO: [TadModel$3] Loading of TAD Global Status took 503 ms
(14:59:56.580) INFO: [TadGlobalStatusController] TAD global status data is ready!
(14:59:57.714) INFO: [TadModel] DSF session ID 2 has ended
(15:02:34.502) INFO: [TadModel] DSF session ID 3 has started
(15:02:37.163) INFO: [TadState] TAD state changed from DEBUG_STARTED to DEBUG_INIT_0 (Suspended, USER_REQUEST)
(15:02:40.424) INFO: [TadState] TAD state changed from DEBUG_INIT_0 to DEBUG_INIT_1 (Resumed, USER_REQUEST)
(15:02:40.450) INFO: [TadState] TAD state changed from DEBUG_INIT_1 to DEBUG_SUSPENDED (Suspended, BREAKPOINT)
(15:02:40.451) INFO: [TadState] TAD state changed from DEBUG_SUSPENDED to DEBUG_RESUMED (Resumed, USER_REQUEST)
(15:02:40.454) INFO: [TadState] TAD state changed from DEBUG_RESUMED to READY (Suspended, SIGNAL)
(15:02:40.968) ReadingException: com.freescale.mqx.gdb.tad.model.globalstatus.TadGlobalStatusFactory.isMqxDataValid() at 60.line "readLongVariableSafely(_mqx_kernel_data)"
(15:02:40.968) ERROR: [TadGlobalStatusFactory] Kernel Data NOT valid (pointer: 0x0000)
(15:02:40.968) ERROR: [TadGlobalStatusFactory] MQX data not valid!
(15:02:40.968) INFO: [TadModel$3] Loading of TAD Global Status took 512 ms
(15:02:40.969) INFO: [TadGlobalStatusController] TAD global status data is ready!
(15:02:45.031) INFO: [TadState] TAD state changed from READY to DEBUG_RESUMED (Resumed, USER_REQUEST)
(15:03:19.442) INFO: [TadState] TAD state changed from DEBUG_RESUMED to READY (Suspended, SIGNAL)
(15:03:19.954) ReadingException: com.freescale.mqx.gdb.tad.model.globalstatus.TadGlobalStatusFactory.isMqxDataValid() at 60.line "readLongVariableSafely(_mqx_kernel_data)"
(15:03:19.954) ERROR: [TadGlobalStatusFactory] Kernel Data NOT valid (pointer: 0x0000)
(15:03:19.954) ERROR: [TadGlobalStatusFactory] MQX data not valid!
(15:03:19.954) INFO: [TadModel$3] Loading of TAD Global Status took 510 ms
(15:03:19.954) INFO: [TadGlobalStatusController] TAD global status data is ready!
(15:03:21.110) INFO: [TadModel] DSF session ID 3 has ended
(15:03:22.031) INFO: [TadModel] DSF session ID 4 has started
(15:03:24.706) INFO: [TadState] TAD state changed from DEBUG_STARTED to DEBUG_INIT_0 (Suspended, USER_REQUEST)
(15:03:26.774) INFO: [TadState] TAD state changed from DEBUG_INIT_0 to DEBUG_INIT_1 (Resumed, USER_REQUEST)
(15:03:26.799) INFO: [TadState] TAD state changed from DEBUG_INIT_1 to DEBUG_SUSPENDED (Suspended, BREAKPOINT)
(15:03:26.801) INFO: [TadState] TAD state changed from DEBUG_SUSPENDED to DEBUG_RESUMED (Resumed, USER_REQUEST)
(15:03:26.805) INFO: [TadState] TAD state changed from DEBUG_RESUMED to READY (Suspended, SIGNAL)
(15:03:27.316) ReadingException: com.freescale.mqx.gdb.tad.model.globalstatus.TadGlobalStatusFactory.isMqxDataValid() at 60.line "readLongVariableSafely(_mqx_kernel_data)"
(15:03:27.316) ERROR: [TadGlobalStatusFactory] Kernel Data NOT valid (pointer: 0x0000)
(15:03:27.316) ERROR: [TadGlobalStatusFactory] MQX data not valid!
(15:03:27.316) INFO: [TadModel$3] Loading of TAD Global Status took 509 ms
(15:03:27.318) INFO: [TadGlobalStatusController] TAD global status data is ready!
(15:03:29.573) INFO: [TadState] TAD state changed from READY to DEBUG_RESUMED (Resumed, USER_REQUEST)
(15:04:11.553) INFO: [TadState] TAD state changed from DEBUG_RESUMED to READY (Suspended, SIGNAL)
(15:04:12.059) ReadingException: com.freescale.mqx.gdb.tad.model.globalstatus.TadGlobalStatusFactory.isMqxDataValid() at 60.line "readLongVariableSafely(_mqx_kernel_data)"
(15:04:12.059) ERROR: [TadGlobalStatusFactory] Kernel Data NOT valid (pointer: 0x0000)
(15:04:12.059) ERROR: [TadGlobalStatusFactory] MQX data not valid!
(15:04:12.059) INFO: [TadModel$3] Loading of TAD Global Status took 504 ms
(15:04:12.059) INFO: [TadGlobalStatusController] TAD global status data is ready!
(15:04:13.189) INFO: [TadModel] DSF session ID 4 has ended
(15:05:14.113) INFO: [TadModel] DSF session ID 5 has started
(15:05:16.857) INFO: [TadState] TAD state changed from DEBUG_STARTED to DEBUG_INIT_0 (Suspended, USER_REQUEST)
(15:05:18.957) INFO: [TadState] TAD state changed from DEBUG_INIT_0 to DEBUG_INIT_1 (Resumed, USER_REQUEST)
(15:05:18.984) INFO: [TadState] TAD state changed from DEBUG_INIT_1 to DEBUG_SUSPENDED (Suspended, BREAKPOINT)
(15:05:18.987) INFO: [TadState] TAD state changed from DEBUG_SUSPENDED to DEBUG_RESUMED (Resumed, USER_REQUEST)
(15:05:18.987) INFO: [TadState] TAD state changed from DEBUG_RESUMED to READY (Suspended, SIGNAL)
(15:05:19.493) ReadingException: com.freescale.mqx.gdb.tad.model.globalstatus.TadGlobalStatusFactory.isMqxDataValid() at 60.line "readLongVariableSafely(_mqx_kernel_data)"
(15:05:19.493) ERROR: [TadGlobalStatusFactory] Kernel Data NOT valid (pointer: 0x0000)
(15:05:19.493) ERROR: [TadGlobalStatusFactory] MQX data not valid!
(15:05:19.493) INFO: [TadModel$3] Loading of TAD Global Status took 503 ms
(15:05:19.493) INFO: [TadGlobalStatusController] TAD global status data is ready!
(15:05:22.509) INFO: [TadState] TAD state changed from READY to DEBUG_RESUMED (Resumed, USER_REQUEST)
(15:06:07.141) INFO: [TadState] TAD state changed from DEBUG_RESUMED to READY (Suspended, SIGNAL)
(15:06:07.653) ReadingException: com.freescale.mqx.gdb.tad.model.globalstatus.TadGlobalStatusFactory.isMqxDataValid() at 60.line "readLongVariableSafely(_mqx_kernel_data)"
(15:06:07.653) ERROR: [TadGlobalStatusFactory] Kernel Data NOT valid (pointer: 0x0000)
(15:06:07.653) ERROR: [TadGlobalStatusFactory] MQX data not valid!
(15:06:07.653) INFO: [TadModel$3] Loading of TAD Global Status took 508 ms
(15:06:07.654) INFO: [TadGlobalStatusController] TAD global status data is ready!
(15:06:08.778) INFO: [TadModel] DSF session ID 5 has ended
(15:06:42.418) INFO: [TadModel] DSF session ID 6 has started
(15:06:45.042) INFO: [TadState] TAD state changed from DEBUG_STARTED to DEBUG_INIT_0 (Suspended, USER_REQUEST)
(15:06:48.299) INFO: [TadState] TAD state changed from DEBUG_INIT_0 to DEBUG_INIT_1 (Resumed, USER_REQUEST)
(15:06:48.326) INFO: [TadState] TAD state changed from DEBUG_INIT_1 to DEBUG_SUSPENDED (Suspended, BREAKPOINT)
(15:06:48.326) INFO: [TadState] TAD state changed from DEBUG_SUSPENDED to DEBUG_RESUMED (Resumed, USER_REQUEST)
(15:06:48.330) INFO: [TadState] TAD state changed from DEBUG_RESUMED to READY (Suspended, SIGNAL)
(15:06:48.838) ReadingException: com.freescale.mqx.gdb.tad.model.globalstatus.TadGlobalStatusFactory.isMqxDataValid() at 60.line "readLongVariableSafely(_mqx_kernel_data)"
(15:06:48.838) ERROR: [TadGlobalStatusFactory] Kernel Data NOT valid (pointer: 0x0000)
(15:06:48.838) ERROR: [TadGlobalStatusFactory] MQX data not valid!
(15:06:48.838) INFO: [TadModel$3] Loading of TAD Global Status took 506 ms
(15:06:48.838) INFO: [TadGlobalStatusController] TAD global status data is ready!
(15:06:51.735) INFO: [TadState] TAD state changed from READY to DEBUG_RESUMED (Resumed, USER_REQUEST)
(15:07:20.837) INFO: [TadState] TAD state changed from DEBUG_RESUMED to READY (Suspended, SIGNAL)
(15:07:21.350) ReadingException: com.freescale.mqx.gdb.tad.model.globalstatus.TadGlobalStatusFactory.isMqxDataValid() at 60.line "readLongVariableSafely(_mqx_kernel_data)"
(15:07:21.350) ERROR: [TadGlobalStatusFactory] Kernel Data NOT valid (pointer: 0x0000)
(15:07:21.351) ERROR: [TadGlobalStatusFactory] MQX data not valid!
(15:07:21.351) INFO: [TadModel$3] Loading of TAD Global Status took 508 ms
(15:07:21.351) INFO: [TadGlobalStatusController] TAD global status data is ready!
(15:07:22.471) INFO: [TadModel] DSF session ID 6 has ended
(15:17:21.109) INFO: [TadModel] DSF session ID 7 has started
(15:17:25.652) INFO: [TadState] TAD state changed from DEBUG_STARTED to DEBUG_INIT_0 (Suspended, USER_REQUEST)
(15:17:28.899) INFO: [TadState] TAD state changed from DEBUG_INIT_0 to DEBUG_INIT_1 (Resumed, USER_REQUEST)
(15:17:28.926) INFO: [TadState] TAD state changed from DEBUG_INIT_1 to DEBUG_SUSPENDED (Suspended, BREAKPOINT)
(15:17:28.927) INFO: [TadState] TAD state changed from DEBUG_SUSPENDED to DEBUG_RESUMED (Resumed, USER_REQUEST)
(15:17:28.931) INFO: [TadState] TAD state changed from DEBUG_RESUMED to READY (Suspended, SIGNAL)
(15:17:29.443) ReadingException: com.freescale.mqx.gdb.tad.model.globalstatus.TadGlobalStatusFactory.isMqxDataValid() at 60.line "readLongVariableSafely(_mqx_kernel_data)"
(15:17:29.443) ERROR: [TadGlobalStatusFactory] Kernel Data NOT valid (pointer: 0x0000)
(15:17:29.443) ERROR: [TadGlobalStatusFactory] MQX data not valid!
(15:17:29.444) INFO: [TadModel$3] Loading of TAD Global Status took 511 ms
(15:17:29.444) INFO: [TadGlobalStatusController] TAD global status data is ready!
(15:17:30.741) INFO: [TadState] TAD state changed from READY to DEBUG_RESUMED (Resumed, USER_REQUEST)
(15:19:23.664) INFO: [TadState] TAD state changed from DEBUG_RESUMED to READY (Suspended, SIGNAL)
(15:19:24.169) ReadingException: com.freescale.mqx.gdb.tad.model.globalstatus.TadGlobalStatusFactory.isMqxDataValid() at 60.line "readLongVariableSafely(_mqx_kernel_data)"
(15:19:24.170) ERROR: [TadGlobalStatusFactory] Kernel Data NOT valid (pointer: 0x0000)
(15:19:24.170) ERROR: [TadGlobalStatusFactory] MQX data not valid!
(15:19:24.170) INFO: [TadModel$3] Loading of TAD Global Status took 504 ms
(15:19:24.170) INFO: [TadGlobalStatusController] TAD global status data is ready!
(15:19:25.292) INFO: [TadModel] DSF session ID 7 has ended
(15:25:48.022) INFO: [TadModel] DSF session ID 8 has started
(15:29:56.206) INFO: [TadModel] DSF session ID 8 has ended
(15:31:06.707) INFO: [TadModel] DSF session ID 9 has started
(15:31:09.368) INFO: [TadState] TAD state changed from DEBUG_STARTED to DEBUG_INIT_0 (Suspended, USER_REQUEST)
(15:31:12.272) INFO: [TadState] TAD state changed from DEBUG_INIT_0 to DEBUG_INIT_1 (Resumed, USER_REQUEST)
(15:31:12.292) INFO: [TadState] TAD state changed from DEBUG_INIT_1 to DEBUG_SUSPENDED (Suspended, BREAKPOINT)
(15:31:12.293) INFO: [TadState] TAD state changed from DEBUG_SUSPENDED to DEBUG_RESUMED (Resumed, USER_REQUEST)
(15:31:12.297) INFO: [TadState] TAD state changed from DEBUG_RESUMED to READY (Suspended, SIGNAL)
(15:31:12.807) ReadingException: com.freescale.mqx.gdb.tad.model.globalstatus.TadGlobalStatusFactory.isMqxDataValid() at 60.line "readLongVariableSafely(_mqx_kernel_data)"
(15:31:12.808) ERROR: [TadGlobalStatusFactory] Kernel Data NOT valid (pointer: 0x0000)
(15:31:12.808) ERROR: [TadGlobalStatusFactory] MQX data not valid!
(15:31:12.808) INFO: [TadModel$3] Loading of TAD Global Status took 510 ms
(15:31:12.808) INFO: [TadGlobalStatusController] TAD global status data is ready!
(15:31:24.652) INFO: [TadState] TAD state changed from READY to DEBUG_RESUMED (Resumed, USER_REQUEST)
(15:31:36.138) INFO: [TadState] TAD state changed from DEBUG_RESUMED to READY (Suspended, SIGNAL)
(15:31:36.642) ReadingException: com.freescale.mqx.gdb.tad.model.globalstatus.TadGlobalStatusFactory.isMqxDataValid() at 60.line "readLongVariableSafely(_mqx_kernel_data)"
(15:31:36.642) ERROR: [TadGlobalStatusFactory] Kernel Data NOT valid (pointer: 0x0000)
(15:31:36.642) ERROR: [TadGlobalStatusFactory] MQX data not valid!
(15:31:36.642) INFO: [TadModel$3] Loading of TAD Global Status took 502 ms
(15:31:36.642) INFO: [TadGlobalStatusController] TAD global status data is ready!
(15:31:38.228) INFO: [TadModel] DSF session ID 9 has ended
(15:46:17.231) INFO: [TadModel] DSF session ID 10 has started
(15:46:19.853) INFO: [TadState] TAD state changed from DEBUG_STARTED to DEBUG_INIT_0 (Suspended, USER_REQUEST)
(15:46:22.702) INFO: [TadState] TAD state changed from DEBUG_INIT_0 to DEBUG_INIT_1 (Resumed, USER_REQUEST)
(15:46:22.729) INFO: [TadState] TAD state changed from DEBUG_INIT_1 to DEBUG_SUSPENDED (Suspended, BREAKPOINT)
(15:46:22.731) INFO: [TadState] TAD state changed from DEBUG_SUSPENDED to DEBUG_RESUMED (Resumed, USER_REQUEST)
(15:46:22.733) INFO: [TadState] TAD state changed from DEBUG_RESUMED to READY (Suspended, SIGNAL)
(15:46:23.245) ReadingException: com.freescale.mqx.gdb.tad.model.globalstatus.TadGlobalStatusFactory.isMqxDataValid() at 60.line "readLongVariableSafely(_mqx_kernel_data)"
(15:46:23.245) ERROR: [TadGlobalStatusFactory] Kernel Data NOT valid (pointer: 0x0000)
(15:46:23.245) ERROR: [TadGlobalStatusFactory] MQX data not valid!
(15:46:23.245) INFO: [TadModel$3] Loading of TAD Global Status took 510 ms
(15:46:23.245) INFO: [TadGlobalStatusController] TAD global status data is ready!
(15:47:50.859) INFO: [TadModel] DSF session ID 10 has ended
(15:51:51.599) INFO: [TadModel] DSF session ID 11 has started
(15:51:54.307) INFO: [TadState] TAD state changed from DEBUG_STARTED to DEBUG_INIT_0 (Suspended, USER_REQUEST)
(15:51:56.260) INFO: [TadState] TAD state changed from DEBUG_INIT_0 to DEBUG_INIT_1 (Resumed, USER_REQUEST)
(15:51:56.286) INFO: [TadState] TAD state changed from DEBUG_INIT_1 to DEBUG_SUSPENDED (Suspended, BREAKPOINT)
(15:51:56.287) INFO: [TadState] TAD state changed from DEBUG_SUSPENDED to DEBUG_RESUMED (Resumed, USER_REQUEST)
(15:51:56.290) INFO: [TadState] TAD state changed from DEBUG_RESUMED to READY (Suspended, SIGNAL)
(15:51:56.808) ReadingException: com.freescale.mqx.gdb.tad.model.globalstatus.TadGlobalStatusFactory.isMqxDataValid() at 60.line "readLongVariableSafely(_mqx_kernel_data)"
(15:51:56.808) ERROR: [TadGlobalStatusFactory] Kernel Data NOT valid (pointer: 0x0000)
(15:51:56.808) ERROR: [TadGlobalStatusFactory] MQX data not valid!
(15:51:56.808) INFO: [TadModel$3] Loading of TAD Global Status took 516 ms
(15:51:56.808) INFO: [TadGlobalStatusController] TAD global status data is ready!
(15:51:57.987) INFO: [TadState] TAD state changed from READY to DEBUG_RESUMED (Resumed, USER_REQUEST)
(15:53:20.961) INFO: [TadState] TAD state changed from DEBUG_RESUMED to READY (Suspended, SIGNAL)
(15:53:21.469) ReadingException: com.freescale.mqx.gdb.tad.model.globalstatus.TadGlobalStatusFactory.isMqxDataValid() at 60.line "readLongVariableSafely(_mqx_kernel_data)"
(15:53:21.469) ERROR: [TadGlobalStatusFactory] Kernel Data NOT valid (pointer: 0x0000)
(15:53:21.469) ERROR: [TadGlobalStatusFactory] MQX data not valid!
(15:53:21.469) INFO: [TadModel$3] Loading of TAD Global Status took 506 ms
(15:53:21.469) INFO: [TadGlobalStatusController] TAD global status data is ready!
(15:53:22.595) INFO: [TadModel] DSF session ID 11 has ended
(15:56:51.151) INFO: [TadModel] DSF session ID 12 has started
(15:56:53.862) INFO: [TadState] TAD state changed from DEBUG_STARTED to DEBUG_INIT_0 (Suspended, USER_REQUEST)
(15:56:56.847) INFO: [TadState] TAD state changed from DEBUG_INIT_0 to DEBUG_INIT_1 (Resumed, USER_REQUEST)
(15:56:56.873) INFO: [TadState] TAD state changed from DEBUG_INIT_1 to DEBUG_SUSPENDED (Suspended, BREAKPOINT)
(15:56:56.874) INFO: [TadState] TAD state changed from DEBUG_SUSPENDED to DEBUG_RESUMED (Resumed, USER_REQUEST)
(15:56:56.877) INFO: [TadState] TAD state changed from DEBUG_RESUMED to READY (Suspended, SIGNAL)
(15:56:57.391) ReadingException: com.freescale.mqx.gdb.tad.model.globalstatus.TadGlobalStatusFactory.isMqxDataValid() at 60.line "readLongVariableSafely(_mqx_kernel_data)"
(15:56:57.391) ERROR: [TadGlobalStatusFactory] Kernel Data NOT valid (pointer: 0x0000)
(15:56:57.391) ERROR: [TadGlobalStatusFactory] MQX data not valid!
(15:56:57.391) INFO: [TadModel$3] Loading of TAD Global Status took 512 ms
(15:56:57.391) INFO: [TadGlobalStatusController] TAD global status data is ready!
(15:56:59.365) INFO: [TadState] TAD state changed from READY to DEBUG_RESUMED (Resumed, USER_REQUEST)
(16:03:56.986) INFO: [TadState] TAD state changed from DEBUG_RESUMED to READY (Suspended, SIGNAL)
(16:03:57.494) ReadingException: com.freescale.mqx.gdb.tad.model.globalstatus.TadGlobalStatusFactory.isMqxDataValid() at 60.line "readLongVariableSafely(_mqx_kernel_data)"
(16:03:57.494) ERROR: [TadGlobalStatusFactory] Kernel Data NOT valid (pointer: 0x0000)
(16:03:57.494) ERROR: [TadGlobalStatusFactory] MQX data not valid!
(16:03:57.494) INFO: [TadModel$3] Loading of TAD Global Status took 506 ms
(16:03:57.494) INFO: [TadGlobalStatusController] TAD global status data is ready!
(16:03:58.646) INFO: [TadModel] DSF session ID 12 has ended
(16:09:28.661) INFO: [TadModel] DSF session ID 13 has started
(16:09:31.231) INFO: [TadState] TAD state changed from DEBUG_STARTED to DEBUG_INIT_0 (Suspended, USER_REQUEST)
(16:09:34.227) INFO: [TadState] TAD state changed from DEBUG_INIT_0 to DEBUG_INIT_1 (Resumed, USER_REQUEST)
(16:09:34.251) INFO: [TadState] TAD state changed from DEBUG_INIT_1 to DEBUG_SUSPENDED (Suspended, BREAKPOINT)
(16:09:34.251) INFO: [TadState] TAD state changed from DEBUG_SUSPENDED to DEBUG_RESUMED (Resumed, USER_REQUEST)
(16:09:34.257) INFO: [TadState] TAD state changed from DEBUG_RESUMED to READY (Suspended, SIGNAL)
(16:09:34.768) ReadingException: com.freescale.mqx.gdb.tad.model.globalstatus.TadGlobalStatusFactory.isMqxDataValid() at 60.line "readLongVariableSafely(_mqx_kernel_data)"
(16:09:34.768) ERROR: [TadGlobalStatusFactory] Kernel Data NOT valid (pointer: 0x0000)
(16:09:34.768) ERROR: [TadGlobalStatusFactory] MQX data not valid!
(16:09:34.768) INFO: [TadModel$3] Loading of TAD Global Status took 510 ms
(16:09:34.768) INFO: [TadGlobalStatusController] TAD global status data is ready!
(16:09:36.949) INFO: [TadState] TAD state changed from READY to DEBUG_RESUMED (Resumed, USER_REQUEST)
(16:10:27.117) INFO: [TadState] TAD state changed from DEBUG_RESUMED to READY (Suspended, SIGNAL)
(16:10:27.627) ReadingException: com.freescale.mqx.gdb.tad.model.globalstatus.TadGlobalStatusFactory.isMqxDataValid() at 60.line "readLongVariableSafely(_mqx_kernel_data)"
(16:10:27.627) ERROR: [TadGlobalStatusFactory] Kernel Data NOT valid (pointer: 0x0000)
(16:10:27.627) ERROR: [TadGlobalStatusFactory] MQX data not valid!
(16:10:27.627) INFO: [TadModel$3] Loading of TAD Global Status took 508 ms
(16:10:27.627) INFO: [TadGlobalStatusController] TAD global status data is ready!
(16:10:28.759) INFO: [TadModel] DSF session ID 13 has ended
(16:12:34.288) INFO: [TadModel] DSF session ID 14 has started
(16:12:36.888) INFO: [TadState] TAD state changed from DEBUG_STARTED to DEBUG_INIT_0 (Suspended, USER_REQUEST)
(16:12:39.907) INFO: [TadState] TAD state changed from DEBUG_INIT_0 to DEBUG_INIT_1 (Resumed, USER_REQUEST)
(16:12:39.933) INFO: [TadState] TAD state changed from DEBUG_INIT_1 to DEBUG_SUSPENDED (Suspended, BREAKPOINT)
(16:12:39.937) INFO: [TadState] TAD state changed from DEBUG_SUSPENDED to DEBUG_RESUMED (Resumed, USER_REQUEST)
(16:12:39.939) INFO: [TadState] TAD state changed from DEBUG_RESUMED to READY (Suspended, SIGNAL)
(16:12:40.447) ReadingException: com.freescale.mqx.gdb.tad.model.globalstatus.TadGlobalStatusFactory.isMqxDataValid() at 60.line "readLongVariableSafely(_mqx_kernel_data)"
(16:12:40.447) ERROR: [TadGlobalStatusFactory] Kernel Data NOT valid (pointer: 0x0000)
(16:12:40.447) ERROR: [TadGlobalStatusFactory] MQX data not valid!
(16:12:40.447) INFO: [TadModel$3] Loading of TAD Global Status took 506 ms
(16:12:40.447) INFO: [TadGlobalStatusController] TAD global status data is ready!
(16:12:41.643) INFO: [TadState] TAD state changed from READY to DEBUG_RESUMED (Resumed, USER_REQUEST)
(16:12:48.238) INFO: [TadState] TAD state changed from DEBUG_RESUMED to READY (Suspended, SIGNAL)
(16:12:48.756) ReadingException: com.freescale.mqx.gdb.tad.model.globalstatus.TadGlobalStatusFactory.isMqxDataValid() at 60.line "readLongVariableSafely(_mqx_kernel_data)"
(16:12:48.756) ERROR: [TadGlobalStatusFactory] Kernel Data NOT valid (pointer: 0x0000)
(16:12:48.756) ERROR: [TadGlobalStatusFactory] MQX data not valid!
(16:12:48.756) INFO: [TadModel$3] Loading of TAD Global Status took 515 ms
(16:12:48.757) INFO: [TadGlobalStatusController] TAD global status data is ready!
(16:12:49.895) INFO: [TadModel] DSF session ID 14 has ended
(16:14:28.683) INFO: [TadModel] DSF session ID 15 has started
(16:14:31.706) INFO: [TadState] TAD state changed from DEBUG_STARTED to DEBUG_INIT_0 (Suspended, USER_REQUEST)
(16:14:34.841) INFO: [TadState] TAD state changed from DEBUG_INIT_0 to DEBUG_INIT_1 (Resumed, USER_REQUEST)
(16:14:34.867) INFO: [TadState] TAD state changed from DEBUG_INIT_1 to DEBUG_SUSPENDED (Suspended, BREAKPOINT)
(16:14:34.868) INFO: [TadState] TAD state changed from DEBUG_SUSPENDED to DEBUG_RESUMED (Resumed, USER_REQUEST)
(16:14:34.871) INFO: [TadState] TAD state changed from DEBUG_RESUMED to READY (Suspended, SIGNAL)
(16:14:35.377) ReadingException: com.freescale.mqx.gdb.tad.model.globalstatus.TadGlobalStatusFactory.isMqxDataValid() at 60.line "readLongVariableSafely(_mqx_kernel_data)"
(16:14:35.377) ERROR: [TadGlobalStatusFactory] Kernel Data NOT valid (pointer: 0x0000)
(16:14:35.377) ERROR: [TadGlobalStatusFactory] MQX data not valid!
(16:14:35.377) INFO: [TadModel$3] Loading of TAD Global Status took 504 ms
(16:14:35.377) INFO: [TadGlobalStatusController] TAD global status data is ready!
(16:14:36.171) INFO: [TadState] TAD state changed from READY to DEBUG_RESUMED (Resumed, USER_REQUEST)
(16:14:43.844) INFO: [TadState] TAD state changed from DEBUG_RESUMED to READY (Suspended, SIGNAL)
(16:14:44.360) ReadingException: com.freescale.mqx.gdb.tad.model.globalstatus.TadGlobalStatusFactory.isMqxDataValid() at 60.line "readLongVariableSafely(_mqx_kernel_data)"
(16:14:44.360) ERROR: [TadGlobalStatusFactory] Kernel Data NOT valid (pointer: 0x0000)
(16:14:44.360) ERROR: [TadGlobalStatusFactory] MQX data not valid!
(16:14:44.360) INFO: [TadModel$3] Loading of TAD Global Status took 513 ms
(16:14:44.360) INFO: [TadGlobalStatusController] TAD global status data is ready!
(16:14:45.477) INFO: [TadModel] DSF session ID 15 has ended
(16:18:08.714) INFO: [TadModel] DSF session ID 16 has started
(16:18:11.395) INFO: [TadState] TAD state changed from DEBUG_STARTED to DEBUG_INIT_0 (Suspended, USER_REQUEST)
(16:18:14.545) INFO: [TadState] TAD state changed from DEBUG_INIT_0 to DEBUG_INIT_1 (Resumed, USER_REQUEST)
(16:18:14.571) INFO: [TadState] TAD state changed from DEBUG_INIT_1 to DEBUG_SUSPENDED (Suspended, BREAKPOINT)
(16:18:14.572) INFO: [TadState] TAD state changed from DEBUG_SUSPENDED to DEBUG_RESUMED (Resumed, USER_REQUEST)
(16:18:14.576) INFO: [TadState] TAD state changed from DEBUG_RESUMED to READY (Suspended, SIGNAL)
(16:18:15.084) ReadingException: com.freescale.mqx.gdb.tad.model.globalstatus.TadGlobalStatusFactory.isMqxDataValid() at 60.line "readLongVariableSafely(_mqx_kernel_data)"
(16:18:15.084) ERROR: [TadGlobalStatusFactory] Kernel Data NOT valid (pointer: 0x0000)
(16:18:15.084) ERROR: [TadGlobalStatusFactory] MQX data not valid!
(16:18:15.084) INFO: [TadModel$3] Loading of TAD Global Status took 506 ms
(16:18:15.084) INFO: [TadGlobalStatusController] TAD global status data is ready!
(16:18:16.476) INFO: [TadState] TAD state changed from READY to DEBUG_RESUMED (Resumed, USER_REQUEST)
(16:18:58.410) INFO: [TadState] TAD state changed from DEBUG_RESUMED to READY (Suspended, SIGNAL)
(16:18:58.919) ReadingException: com.freescale.mqx.gdb.tad.model.globalstatus.TadGlobalStatusFactory.isMqxDataValid() at 60.line "readLongVariableSafely(_mqx_kernel_data)"
(16:18:58.920) ERROR: [TadGlobalStatusFactory] Kernel Data NOT valid (pointer: 0x0000)
(16:18:58.920) ERROR: [TadGlobalStatusFactory] MQX data not valid!
(16:18:58.920) INFO: [TadModel$3] Loading of TAD Global Status took 507 ms
(16:18:58.920) INFO: [TadGlobalStatusController] TAD global status data is ready!
(16:19:00.058) INFO: [TadModel] DSF session ID 16 has ended
(16:52:47.152) INFO: [TadModel] DSF session ID 17 has started
(16:52:49.790) INFO: [TadState] TAD state changed from DEBUG_STARTED to DEBUG_INIT_0 (Suspended, USER_REQUEST)
(16:52:53.042) INFO: [TadState] TAD state changed from DEBUG_INIT_0 to DEBUG_INIT_1 (Resumed, USER_REQUEST)
(16:52:53.069) INFO: [TadState] TAD state changed from DEBUG_INIT_1 to DEBUG_SUSPENDED (Suspended, BREAKPOINT)
(16:52:53.070) INFO: [TadState] TAD state changed from DEBUG_SUSPENDED to DEBUG_RESUMED (Resumed, USER_REQUEST)
(16:52:53.074) INFO: [TadState] TAD state changed from DEBUG_RESUMED to READY (Suspended, SIGNAL)
(16:52:53.583) ReadingException: com.freescale.mqx.gdb.tad.model.globalstatus.TadGlobalStatusFactory.isMqxDataValid() at 60.line "readLongVariableSafely(_mqx_kernel_data)"
(16:52:53.583) ERROR: [TadGlobalStatusFactory] Kernel Data NOT valid (pointer: 0x0000)
(16:52:53.583) ERROR: [TadGlobalStatusFactory] MQX data not valid!
(16:52:53.583) INFO: [TadModel$3] Loading of TAD Global Status took 507 ms
(16:52:53.583) INFO: [TadGlobalStatusController] TAD global status data is ready!
(16:52:55.793) INFO: [TadState] TAD state changed from READY to DEBUG_RESUMED (Resumed, USER_REQUEST)
(16:58:16.887) INFO: [TadState] TAD state changed from DEBUG_RESUMED to READY (Suspended, SIGNAL)
(16:58:17.390) ReadingException: com.freescale.mqx.gdb.tad.model.globalstatus.TadGlobalStatusFactory.isMqxDataValid() at 60.line "readLongVariableSafely(_mqx_kernel_data)"
(16:58:17.390) ERROR: [TadGlobalStatusFactory] Kernel Data NOT valid (pointer: 0x0000)
(16:58:17.390) ERROR: [TadGlobalStatusFactory] MQX data not valid!
(16:58:17.390) INFO: [TadModel$3] Loading of TAD Global Status took 501 ms
(16:58:17.390) INFO: [TadGlobalStatusController] TAD global status data is ready!
(16:58:18.558) INFO: [TadModel] DSF session ID 17 has ended
(17:15:57.148) INFO: [TadModel] DSF session ID 18 has started
(17:15:59.757) INFO: [TadState] TAD state changed from DEBUG_STARTED to DEBUG_INIT_0 (Suspended, USER_REQUEST)
(17:16:03.010) INFO: [TadState] TAD state changed from DEBUG_INIT_0 to DEBUG_INIT_1 (Resumed, USER_REQUEST)
(17:16:03.037) INFO: [TadState] TAD state changed from DEBUG_INIT_1 to DEBUG_SUSPENDED (Suspended, BREAKPOINT)
(17:16:03.037) INFO: [TadState] TAD state changed from DEBUG_SUSPENDED to DEBUG_RESUMED (Resumed, USER_REQUEST)
(17:16:03.037) INFO: [TadState] TAD state changed from DEBUG_RESUMED to READY (Suspended, SIGNAL)
(17:16:03.553) ReadingException: com.freescale.mqx.gdb.tad.model.globalstatus.TadGlobalStatusFactory.isMqxDataValid() at 60.line "readLongVariableSafely(_mqx_kernel_data)"
(17:16:03.553) ERROR: [TadGlobalStatusFactory] Kernel Data NOT valid (pointer: 0x0000)
(17:16:03.553) ERROR: [TadGlobalStatusFactory] MQX data not valid!
(17:16:03.553) INFO: [TadModel$3] Loading of TAD Global Status took 511 ms
(17:16:03.553) INFO: [TadGlobalStatusController] TAD global status data is ready!
(17:16:09.120) INFO: [TadState] TAD state changed from READY to DEBUG_RESUMED (Resumed, USER_REQUEST)
(17:16:31.861) INFO: [TadState] TAD state changed from DEBUG_RESUMED to READY (Suspended, SIGNAL)
(17:16:32.375) ReadingException: com.freescale.mqx.gdb.tad.model.globalstatus.TadGlobalStatusFactory.isMqxDataValid() at 60.line "readLongVariableSafely(_mqx_kernel_data)"
(17:16:32.375) ERROR: [TadGlobalStatusFactory] Kernel Data NOT valid (pointer: 0x0000)
(17:16:32.375) ERROR: [TadGlobalStatusFactory] MQX data not valid!
(17:16:32.376) INFO: [TadModel$3] Loading of TAD Global Status took 511 ms
(17:16:32.376) INFO: [TadGlobalStatusController] TAD global status data is ready!
(17:16:33.516) INFO: [TadModel] DSF session ID 18 has ended
(17:17:38.990) INFO: [TadModel] DSF session ID 19 has started
(17:17:41.899) INFO: [TadState] TAD state changed from DEBUG_STARTED to DEBUG_INIT_0 (Suspended, USER_REQUEST)
(17:17:43.915) INFO: [TadState] TAD state changed from DEBUG_INIT_0 to DEBUG_INIT_1 (Resumed, USER_REQUEST)
(17:17:43.940) INFO: [TadState] TAD state changed from DEBUG_INIT_1 to DEBUG_SUSPENDED (Suspended, BREAKPOINT)
(17:17:43.940) INFO: [TadState] TAD state changed from DEBUG_SUSPENDED to DEBUG_RESUMED (Resumed, USER_REQUEST)
(17:17:43.944) INFO: [TadState] TAD state changed from DEBUG_RESUMED to READY (Suspended, SIGNAL)
(17:17:44.456) ReadingException: com.freescale.mqx.gdb.tad.model.globalstatus.TadGlobalStatusFactory.isMqxDataValid() at 60.line "readLongVariableSafely(_mqx_kernel_data)"
(17:17:44.456) ERROR: [TadGlobalStatusFactory] Kernel Data NOT valid (pointer: 0x0000)
(17:17:44.456) ERROR: [TadGlobalStatusFactory] MQX data not valid!
(17:17:44.456) INFO: [TadModel$3] Loading of TAD Global Status took 512 ms
(17:17:44.456) INFO: [TadGlobalStatusController] TAD global status data is ready!
(17:17:46.977) INFO: [TadState] TAD state changed from READY to DEBUG_RESUMED (Resumed, USER_REQUEST)
(17:19:18.514) INFO: [TadState] TAD state changed from DEBUG_RESUMED to READY (Suspended, SIGNAL)
(17:19:19.018) ReadingException: com.freescale.mqx.gdb.tad.model.globalstatus.TadGlobalStatusFactory.isMqxDataValid() at 60.line "readLongVariableSafely(_mqx_kernel_data)"
(17:19:19.018) ERROR: [TadGlobalStatusFactory] Kernel Data NOT valid (pointer: 0x0000)
(17:19:19.018) ERROR: [TadGlobalStatusFactory] MQX data not valid!
(17:19:19.019) INFO: [TadModel$3] Loading of TAD Global Status took 502 ms
(17:19:19.019) INFO: [TadGlobalStatusController] TAD global status data is ready!
(17:19:20.175) INFO: [TadModel] DSF session ID 19 has ended
(17:19:21.880) INFO: [TadModel] DSF session ID 20 has started
(17:19:24.604) INFO: [TadState] TAD state changed from DEBUG_STARTED to DEBUG_INIT_0 (Suspended, USER_REQUEST)
(17:19:27.769) INFO: [TadState] TAD state changed from DEBUG_INIT_0 to DEBUG_INIT_1 (Resumed, USER_REQUEST)
(17:19:43.891) INFO: [TadState] TAD state changed from DEBUG_INIT_1 to DEBUG_SUSPENDED (Suspended, SIGNAL)
(17:19:45.533) INFO: [TadModel] DSF session ID 20 has ended
(17:19:58.563) INFO: [TadModel] DSF session ID 21 has started
(17:20:03.180) INFO: [TadState] TAD state changed from DEBUG_STARTED to DEBUG_INIT_0 (Suspended, USER_REQUEST)
(17:20:06.428) INFO: [TadState] TAD state changed from DEBUG_INIT_0 to DEBUG_INIT_1 (Resumed, USER_REQUEST)
(17:20:06.454) INFO: [TadState] TAD state changed from DEBUG_INIT_1 to DEBUG_SUSPENDED (Suspended, BREAKPOINT)
(17:20:06.455) INFO: [TadState] TAD state changed from DEBUG_SUSPENDED to DEBUG_RESUMED (Resumed, USER_REQUEST)
(17:20:06.458) INFO: [TadState] TAD state changed from DEBUG_RESUMED to READY (Suspended, SIGNAL)
(17:20:06.968) ReadingException: com.freescale.mqx.gdb.tad.model.globalstatus.TadGlobalStatusFactory.isMqxDataValid() at 60.line "readLongVariableSafely(_mqx_kernel_data)"
(17:20:06.968) ERROR: [TadGlobalStatusFactory] Kernel Data NOT valid (pointer: 0x0000)
(17:20:06.968) ERROR: [TadGlobalStatusFactory] MQX data not valid!
(17:20:06.968) INFO: [TadModel$3] Loading of TAD Global Status took 507 ms
(17:20:06.968) INFO: [TadGlobalStatusController] TAD global status data is ready!
(17:20:09.171) INFO: [TadModel] DSF session ID 21 has ended
(17:20:14.851) INFO: [TadModel] DSF session ID 22 has started
(17:20:17.721) INFO: [TadState] TAD state changed from DEBUG_STARTED to DEBUG_INIT_0 (Suspended, USER_REQUEST)
(17:20:19.764) INFO: [TadState] TAD state changed from DEBUG_INIT_0 to DEBUG_INIT_1 (Resumed, USER_REQUEST)
(17:20:19.789) INFO: [TadState] TAD state changed from DEBUG_INIT_1 to DEBUG_SUSPENDED (Suspended, BREAKPOINT)
(17:20:19.794) INFO: [TadState] TAD state changed from DEBUG_SUSPENDED to DEBUG_RESUMED (Resumed, USER_REQUEST)
(17:20:19.794) INFO: [TadState] TAD state changed from DEBUG_RESUMED to READY (Suspended, SIGNAL)
(17:20:20.306) ReadingException: com.freescale.mqx.gdb.tad.model.globalstatus.TadGlobalStatusFactory.isMqxDataValid() at 60.line "readLongVariableSafely(_mqx_kernel_data)"
(17:20:20.306) ERROR: [TadGlobalStatusFactory] Kernel Data NOT valid (pointer: 0x0000)
(17:20:20.306) ERROR: [TadGlobalStatusFactory] MQX data not valid!
(17:20:20.306) INFO: [TadModel$3] Loading of TAD Global Status took 512 ms
(17:20:20.308) INFO: [TadGlobalStatusController] TAD global status data is ready!
(17:20:21.132) INFO: [TadState] TAD state changed from READY to DEBUG_RESUMED (Resumed, USER_REQUEST)
(17:21:01.986) INFO: [TadState] TAD state changed from DEBUG_RESUMED to READY (Suspended, SIGNAL)
(17:21:02.496) ReadingException: com.freescale.mqx.gdb.tad.model.globalstatus.TadGlobalStatusFactory.isMqxDataValid() at 60.line "readLongVariableSafely(_mqx_kernel_data)"
(17:21:02.496) ERROR: [TadGlobalStatusFactory] Kernel Data NOT valid (pointer: 0x0000)
(17:21:02.496) ERROR: [TadGlobalStatusFactory] MQX data not valid!
(17:21:02.496) INFO: [TadModel$3] Loading of TAD Global Status took 505 ms
(17:21:02.496) INFO: [TadGlobalStatusController] TAD global status data is ready!
(17:21:03.634) INFO: [TadModel] DSF session ID 22 has ended
(17:21:04.860) INFO: [TadModel] DSF session ID 23 has started
(17:21:09.345) INFO: [TadState] TAD state changed from DEBUG_STARTED to DEBUG_INIT_0 (Suspended, USER_REQUEST)
(17:21:12.525) INFO: [TadState] TAD state changed from DEBUG_INIT_0 to DEBUG_INIT_1 (Resumed, USER_REQUEST)
(17:21:12.556) INFO: [TadState] TAD state changed from DEBUG_INIT_1 to DEBUG_SUSPENDED (Suspended, BREAKPOINT)
(17:21:12.556) INFO: [TadState] TAD state changed from DEBUG_SUSPENDED to DEBUG_RESUMED (Resumed, USER_REQUEST)
(17:21:12.561) INFO: [TadState] TAD state changed from DEBUG_RESUMED to READY (Suspended, SIGNAL)
(17:21:13.069) ReadingException: com.freescale.mqx.gdb.tad.model.globalstatus.TadGlobalStatusFactory.isMqxDataValid() at 60.line "readLongVariableSafely(_mqx_kernel_data)"
(17:21:13.069) ERROR: [TadGlobalStatusFactory] Kernel Data NOT valid (pointer: 0x0000)
(17:21:13.069) ERROR: [TadGlobalStatusFactory] MQX data not valid!
(17:21:13.069) INFO: [TadModel$3] Loading of TAD Global Status took 508 ms
(17:21:13.069) INFO: [TadGlobalStatusController] TAD global status data is ready!
(17:21:17.095) INFO: [TadState] TAD state changed from READY to DEBUG_RESUMED (Resumed, USER_REQUEST)
(17:23:18.599) INFO: [TadState] TAD state changed from DEBUG_RESUMED to READY (Suspended, SIGNAL)
(17:23:19.106) ReadingException: com.freescale.mqx.gdb.tad.model.globalstatus.TadGlobalStatusFactory.isMqxDataValid() at 60.line "readLongVariableSafely(_mqx_kernel_data)"
(17:23:19.107) ERROR: [TadGlobalStatusFactory] Kernel Data NOT valid (pointer: 0x0000)
(17:23:19.107) ERROR: [TadGlobalStatusFactory] MQX data not valid!
(17:23:19.107) INFO: [TadModel$3] Loading of TAD Global Status took 505 ms
(17:23:19.107) INFO: [TadGlobalStatusController] TAD global status data is ready!
(17:23:20.250) INFO: [TadModel] DSF session ID 23 has ended
(17:23:33.271) INFO: [TadModel] DSF session ID 24 has started
(17:23:35.915) INFO: [TadState] TAD state changed from DEBUG_STARTED to DEBUG_INIT_0 (Suspended, USER_REQUEST)
(17:23:39.184) INFO: [TadState] TAD state changed from DEBUG_INIT_0 to DEBUG_INIT_1 (Resumed, USER_REQUEST)
(17:23:39.209) INFO: [TadState] TAD state changed from DEBUG_INIT_1 to DEBUG_SUSPENDED (Suspended, BREAKPOINT)
(17:23:39.209) INFO: [TadState] TAD state changed from DEBUG_SUSPENDED to DEBUG_RESUMED (Resumed, USER_REQUEST)
(17:23:39.212) INFO: [TadState] TAD state changed from DEBUG_RESUMED to READY (Suspended, SIGNAL)
(17:23:39.726) ReadingException: com.freescale.mqx.gdb.tad.model.globalstatus.TadGlobalStatusFactory.isMqxDataValid() at 60.line "readLongVariableSafely(_mqx_kernel_data)"
(17:23:39.726) ERROR: [TadGlobalStatusFactory] Kernel Data NOT valid (pointer: 0x0000)
(17:23:39.726) ERROR: [TadGlobalStatusFactory] MQX data not valid!
(17:23:39.726) INFO: [TadModel$3] Loading of TAD Global Status took 511 ms
(17:23:39.727) INFO: [TadGlobalStatusController] TAD global status data is ready!
(17:23:47.869) INFO: [TadState] TAD state changed from READY to DEBUG_RESUMED (Resumed, USER_REQUEST)
(17:34:19.442) INFO: [TadState] TAD state changed from DEBUG_RESUMED to READY (Suspended, SIGNAL)
(17:34:19.957) ReadingException: com.freescale.mqx.gdb.tad.model.globalstatus.TadGlobalStatusFactory.isMqxDataValid() at 60.line "readLongVariableSafely(_mqx_kernel_data)"
(17:34:19.957) ERROR: [TadGlobalStatusFactory] Kernel Data NOT valid (pointer: 0x0000)
(17:34:19.957) ERROR: [TadGlobalStatusFactory] MQX data not valid!
(17:34:19.958) INFO: [TadModel$3] Loading of TAD Global Status took 513 ms
(17:34:19.958) INFO: [TadGlobalStatusController] TAD global status data is ready!
(17:34:21.076) INFO: [TadModel] DSF session ID 24 has ended
(17:34:53.593) INFO: [TadModel] DSF session ID 25 has started
(17:34:58.397) INFO: [TadState] TAD state changed from DEBUG_STARTED to DEBUG_INIT_0 (Suspended, USER_REQUEST)
(17:35:01.700) INFO: [TadState] TAD state changed from DEBUG_INIT_0 to DEBUG_INIT_1 (Resumed, USER_REQUEST)
(17:35:01.746) INFO: [TadState] TAD state changed from DEBUG_INIT_1 to DEBUG_SUSPENDED (Suspended, BREAKPOINT)
(17:35:01.747) INFO: [TadState] TAD state changed from DEBUG_SUSPENDED to DEBUG_RESUMED (Suspended, SIGNAL)
(17:35:16.379) INFO: [TadState] TAD state changed from DEBUG_RESUMED to READY (Resumed, USER_REQUEST)
(17:36:37.091) INFO: [TadState] TAD state changed from READY to DEBUG_RESUMED (Suspended, SIGNAL)
(17:36:38.738) INFO: [TadModel] DSF session ID 25 has ended
(17:37:42.558) INFO: [TadModel] DSF session ID 26 has started
(17:37:45.099) INFO: [TadState] TAD state changed from DEBUG_STARTED to DEBUG_INIT_0 (Suspended, USER_REQUEST)
(17:37:47.130) INFO: [TadState] TAD state changed from DEBUG_INIT_0 to DEBUG_INIT_1 (Resumed, USER_REQUEST)
(17:37:47.157) INFO: [TadState] TAD state changed from DEBUG_INIT_1 to DEBUG_SUSPENDED (Suspended, BREAKPOINT)
(17:37:47.157) INFO: [TadState] TAD state changed from DEBUG_SUSPENDED to DEBUG_RESUMED (Resumed, USER_REQUEST)
(17:37:47.161) INFO: [TadState] TAD state changed from DEBUG_RESUMED to READY (Suspended, SIGNAL)
(17:37:47.671) ReadingException: com.freescale.mqx.gdb.tad.model.globalstatus.TadGlobalStatusFactory.isMqxDataValid() at 60.line "readLongVariableSafely(_mqx_kernel_data)"
(17:37:47.671) ERROR: [TadGlobalStatusFactory] Kernel Data NOT valid (pointer: 0x0000)
(17:37:47.671) ERROR: [TadGlobalStatusFactory] MQX data not valid!
(17:37:47.671) INFO: [TadModel$3] Loading of TAD Global Status took 508 ms
(17:37:47.671) INFO: [TadGlobalStatusController] TAD global status data is ready!
(17:37:48.868) INFO: [TadState] TAD state changed from READY to DEBUG_RESUMED (Resumed, USER_REQUEST)
(17:38:00.596) INFO: [TadState] TAD state changed from DEBUG_RESUMED to READY (Suspended, SIGNAL)
(17:38:01.115) ReadingException: com.freescale.mqx.gdb.tad.model.globalstatus.TadGlobalStatusFactory.isMqxDataValid() at 60.line "readLongVariableSafely(_mqx_kernel_data)"
(17:38:01.115) ERROR: [TadGlobalStatusFactory] Kernel Data NOT valid (pointer: 0x0000)
(17:38:01.115) ERROR: [TadGlobalStatusFactory] MQX data not valid!
(17:38:01.115) INFO: [TadModel$3] Loading of TAD Global Status took 516 ms
(17:38:01.115) INFO: [TadGlobalStatusController] TAD global status data is ready!
(17:38:02.248) INFO: [TadModel] DSF session ID 26 has ended
(17:39:36.760) INFO: [TadModel] DSF session ID 27 has started
(17:39:39.339) INFO: [TadState] TAD state changed from DEBUG_STARTED to DEBUG_INIT_0 (Suspended, USER_REQUEST)
(17:39:42.520) INFO: [TadState] TAD state changed from DEBUG_INIT_0 to DEBUG_INIT_1 (Resumed, USER_REQUEST)
(17:39:42.546) INFO: [TadState] TAD state changed from DEBUG_INIT_1 to DEBUG_SUSPENDED (Suspended, BREAKPOINT)
(17:39:42.546) INFO: [TadState] TAD state changed from DEBUG_SUSPENDED to DEBUG_RESUMED (Resumed, USER_REQUEST)
(17:39:42.550) INFO: [TadState] TAD state changed from DEBUG_RESUMED to READY (Suspended, SIGNAL)
(17:39:43.059) ReadingException: com.freescale.mqx.gdb.tad.model.globalstatus.TadGlobalStatusFactory.isMqxDataValid() at 60.line "readLongVariableSafely(_mqx_kernel_data)"
(17:39:43.059) ERROR: [TadGlobalStatusFactory] Kernel Data NOT valid (pointer: 0x0000)
(17:39:43.059) ERROR: [TadGlobalStatusFactory] MQX data not valid!
(17:39:43.059) INFO: [TadModel$3] Loading of TAD Global Status took 507 ms
(17:39:43.059) INFO: [TadGlobalStatusController] TAD global status data is ready!
(17:39:48.475) INFO: [TadState] TAD state changed from READY to DEBUG_RESUMED (Resumed, USER_REQUEST)
(17:40:46.849) INFO: [TadState] TAD state changed from DEBUG_RESUMED to READY (Suspended, SIGNAL)
(17:40:47.362) ReadingException: com.freescale.mqx.gdb.tad.model.globalstatus.TadGlobalStatusFactory.isMqxDataValid() at 60.line "readLongVariableSafely(_mqx_kernel_data)"
(17:40:47.362) ERROR: [TadGlobalStatusFactory] Kernel Data NOT valid (pointer: 0x0000)
(17:40:47.362) ERROR: [TadGlobalStatusFactory] MQX data not valid!
(17:40:47.362) INFO: [TadModel$3] Loading of TAD Global Status took 510 ms
(17:40:47.363) INFO: [TadGlobalStatusController] TAD global status data is ready!
(17:40:48.487) INFO: [TadModel] DSF session ID 27 has ended
(17:41:28.020) INFO: [TadModel] DSF session ID 28 has started
(17:41:30.657) INFO: [TadState] TAD state changed from DEBUG_STARTED to DEBUG_INIT_0 (Suspended, USER_REQUEST)
(17:41:33.916) INFO: [TadState] TAD state changed from DEBUG_INIT_0 to DEBUG_INIT_1 (Resumed, USER_REQUEST)
(17:41:33.942) INFO: [TadState] TAD state changed from DEBUG_INIT_1 to DEBUG_SUSPENDED (Suspended, BREAKPOINT)
(17:41:33.942) INFO: [TadState] TAD state changed from DEBUG_SUSPENDED to DEBUG_RESUMED (Resumed, USER_REQUEST)
(17:41:33.942) INFO: [TadState] TAD state changed from DEBUG_RESUMED to READY (Suspended, SIGNAL)
(17:41:34.462) ReadingException: com.freescale.mqx.gdb.tad.model.globalstatus.TadGlobalStatusFactory.isMqxDataValid() at 60.line "readLongVariableSafely(_mqx_kernel_data)"
(17:41:34.462) ERROR: [TadGlobalStatusFactory] Kernel Data NOT valid (pointer: 0x0000)
(17:41:34.462) ERROR: [TadGlobalStatusFactory] MQX data not valid!
(17:41:34.462) INFO: [TadModel$3] Loading of TAD Global Status took 520 ms
(17:41:34.462) INFO: [TadGlobalStatusController] TAD global status data is ready!
(17:41:39.824) INFO: [TadState] TAD state changed from READY to DEBUG_RESUMED (Resumed, USER_REQUEST)
(17:42:02.071) INFO: [TadState] TAD state changed from DEBUG_RESUMED to READY (Suspended, SIGNAL)
(17:42:02.581) ReadingException: com.freescale.mqx.gdb.tad.model.globalstatus.TadGlobalStatusFactory.isMqxDataValid() at 60.line "readLongVariableSafely(_mqx_kernel_data)"
(17:42:02.581) ERROR: [TadGlobalStatusFactory] Kernel Data NOT valid (pointer: 0x0000)
(17:42:02.581) ERROR: [TadGlobalStatusFactory] MQX data not valid!
(17:42:02.581) INFO: [TadModel$3] Loading of TAD Global Status took 510 ms
(17:42:02.582) INFO: [TadGlobalStatusController] TAD global status data is ready!
(17:42:03.738) INFO: [TadModel] DSF session ID 28 has ended
(17:42:05.901) INFO: [TadModel] DSF session ID 29 has started
(17:42:08.525) INFO: [TadState] TAD state changed from DEBUG_STARTED to DEBUG_INIT_0 (Suspended, USER_REQUEST)
(17:42:11.758) INFO: [TadState] TAD state changed from DEBUG_INIT_0 to DEBUG_INIT_1 (Resumed, USER_REQUEST)
(17:42:11.785) INFO: [TadState] TAD state changed from DEBUG_INIT_1 to DEBUG_SUSPENDED (Suspended, BREAKPOINT)
(17:42:11.785) INFO: [TadState] TAD state changed from DEBUG_SUSPENDED to DEBUG_RESUMED (Resumed, USER_REQUEST)
(17:42:11.787) INFO: [TadState] TAD state changed from DEBUG_RESUMED to READY (Suspended, SIGNAL)
(17:42:12.304) ReadingException: com.freescale.mqx.gdb.tad.model.globalstatus.TadGlobalStatusFactory.isMqxDataValid() at 60.line "readLongVariableSafely(_mqx_kernel_data)"
(17:42:12.305) ERROR: [TadGlobalStatusFactory] Kernel Data NOT valid (pointer: 0x0000)
(17:42:12.305) ERROR: [TadGlobalStatusFactory] MQX data not valid!
(17:42:12.305) INFO: [TadModel$3] Loading of TAD Global Status took 518 ms
(17:42:12.305) INFO: [TadGlobalStatusController] TAD global status data is ready!
(17:42:12.818) INFO: [TadState] TAD state changed from READY to DEBUG_RESUMED (Resumed, USER_REQUEST)
(17:42:40.749) INFO: [TadState] TAD state changed from DEBUG_RESUMED to READY (Suspended, SIGNAL)
(17:42:41.254) ReadingException: com.freescale.mqx.gdb.tad.model.globalstatus.TadGlobalStatusFactory.isMqxDataValid() at 60.line "readLongVariableSafely(_mqx_kernel_data)"
(17:42:41.254) ERROR: [TadGlobalStatusFactory] Kernel Data NOT valid (pointer: 0x0000)
(17:42:41.254) ERROR: [TadGlobalStatusFactory] MQX data not valid!
(17:42:41.254) INFO: [TadModel$3] Loading of TAD Global Status took 503 ms
(17:42:41.255) INFO: [TadGlobalStatusController] TAD global status data is ready!
(17:42:45.155) INFO: [TadModel] DSF session ID 29 has ended
(17:42:48.054) INFO: [TadModel] DSF session ID 30 has started
(17:42:52.982) INFO: [TadState] TAD state changed from DEBUG_STARTED to DEBUG_INIT_0 (Suspended, USER_REQUEST)
(17:42:56.256) INFO: [TadState] TAD state changed from DEBUG_INIT_0 to DEBUG_INIT_1 (Resumed, USER_REQUEST)
(17:42:56.282) INFO: [TadState] TAD state changed from DEBUG_INIT_1 to DEBUG_SUSPENDED (Suspended, BREAKPOINT)
(17:42:56.283) INFO: [TadState] TAD state changed from DEBUG_SUSPENDED to DEBUG_RESUMED (Resumed, USER_REQUEST)
(17:42:56.287) INFO: [TadState] TAD state changed from DEBUG_RESUMED to READY (Suspended, SIGNAL)
(17:42:56.798) ReadingException: com.freescale.mqx.gdb.tad.model.globalstatus.TadGlobalStatusFactory.isMqxDataValid() at 60.line "readLongVariableSafely(_mqx_kernel_data)"
(17:42:56.798) ERROR: [TadGlobalStatusFactory] Kernel Data NOT valid (pointer: 0x0000)
(17:42:56.798) ERROR: [TadGlobalStatusFactory] MQX data not valid!
(17:42:56.798) INFO: [TadModel$3] Loading of TAD Global Status took 509 ms
(17:42:56.798) INFO: [TadGlobalStatusController] TAD global status data is ready!
(17:42:57.714) INFO: [TadState] TAD state changed from READY to DEBUG_RESUMED (Resumed, USER_REQUEST)
(17:43:11.589) INFO: [TadState] TAD state changed from DEBUG_RESUMED to READY (Suspended, SIGNAL)
(17:43:12.099) ReadingException: com.freescale.mqx.gdb.tad.model.globalstatus.TadGlobalStatusFactory.isMqxDataValid() at 60.line "readLongVariableSafely(_mqx_kernel_data)"
(17:43:12.099) ERROR: [TadGlobalStatusFactory] Kernel Data NOT valid (pointer: 0x0000)
(17:43:12.099) ERROR: [TadGlobalStatusFactory] MQX data not valid!
(17:43:12.099) INFO: [TadModel$3] Loading of TAD Global Status took 508 ms
(17:43:12.099) INFO: [TadGlobalStatusController] TAD global status data is ready!
(17:43:13.225) INFO: [TadModel] DSF session ID 30 has ended
(17:47:29.716) INFO: [TadModel] DSF session ID 31 has started
(17:47:32.389) INFO: [TadState] TAD state changed from DEBUG_STARTED to DEBUG_INIT_0 (Suspended, USER_REQUEST)
(17:47:35.654) INFO: [TadState] TAD state changed from DEBUG_INIT_0 to DEBUG_INIT_1 (Resumed, USER_REQUEST)
(17:47:35.682) INFO: [TadState] TAD state changed from DEBUG_INIT_1 to DEBUG_SUSPENDED (Suspended, BREAKPOINT)
(17:47:35.682) INFO: [TadState] TAD state changed from DEBUG_SUSPENDED to DEBUG_RESUMED (Resumed, USER_REQUEST)
(17:47:35.682) INFO: [TadState] TAD state changed from DEBUG_RESUMED to READY (Suspended, SIGNAL)
(17:47:36.195) ReadingException: com.freescale.mqx.gdb.tad.model.globalstatus.TadGlobalStatusFactory.isMqxDataValid() at 60.line "readLongVariableSafely(_mqx_kernel_data)"
(17:47:36.195) ERROR: [TadGlobalStatusFactory] Kernel Data NOT valid (pointer: 0x0000)
(17:47:36.195) ERROR: [TadGlobalStatusFactory] MQX data not valid!
(17:47:36.195) INFO: [TadModel$3] Loading of TAD Global Status took 508 ms
(17:47:36.195) INFO: [TadGlobalStatusController] TAD global status data is ready!
(17:47:39.837) INFO: [TadState] TAD state changed from READY to DEBUG_RESUMED (Resumed, USER_REQUEST)
(17:48:04.909) INFO: [TadState] TAD state changed from DEBUG_RESUMED to READY (Suspended, SIGNAL)
(17:48:05.417) ReadingException: com.freescale.mqx.gdb.tad.model.globalstatus.TadGlobalStatusFactory.isMqxDataValid() at 60.line "readLongVariableSafely(_mqx_kernel_data)"
(17:48:05.417) ERROR: [TadGlobalStatusFactory] Kernel Data NOT valid (pointer: 0x0000)
(17:48:05.417) ERROR: [TadGlobalStatusFactory] MQX data not valid!
(17:48:05.417) INFO: [TadModel$3] Loading of TAD Global Status took 506 ms
(17:48:05.417) INFO: [TadGlobalStatusController] TAD global status data is ready!
(17:48:06.560) INFO: [TadModel] DSF session ID 31 has ended
(17:48:53.481) INFO: [TadModel] DSF session ID 32 has started
(17:48:58.190) INFO: [TadState] TAD state changed from DEBUG_STARTED to DEBUG_INIT_0 (Suspended, USER_REQUEST)
(17:49:01.426) INFO: [TadState] TAD state changed from DEBUG_INIT_0 to DEBUG_INIT_1 (Resumed, USER_REQUEST)
(17:49:01.453) INFO: [TadState] TAD state changed from DEBUG_INIT_1 to DEBUG_SUSPENDED (Suspended, BREAKPOINT)
(17:49:01.454) INFO: [TadState] TAD state changed from DEBUG_SUSPENDED to DEBUG_RESUMED (Resumed, USER_REQUEST)
(17:49:01.456) INFO: [TadState] TAD state changed from DEBUG_RESUMED to READY (Suspended, SIGNAL)
(17:49:01.967) ReadingException: com.freescale.mqx.gdb.tad.model.globalstatus.TadGlobalStatusFactory.isMqxDataValid() at 60.line "readLongVariableSafely(_mqx_kernel_data)"
(17:49:01.967) ERROR: [TadGlobalStatusFactory] Kernel Data NOT valid (pointer: 0x0000)
(17:49:01.967) ERROR: [TadGlobalStatusFactory] MQX data not valid!
(17:49:01.967) INFO: [TadModel$3] Loading of TAD Global Status took 507 ms
(17:49:01.967) INFO: [TadGlobalStatusController] TAD global status data is ready!
(17:49:02.561) INFO: [TadState] TAD state changed from READY to DEBUG_RESUMED (Resumed, USER_REQUEST)
(17:49:18.951) INFO: [TadState] TAD state changed from DEBUG_RESUMED to READY (Suspended, SIGNAL)
(17:49:19.463) ReadingException: com.freescale.mqx.gdb.tad.model.globalstatus.TadGlobalStatusFactory.isMqxDataValid() at 60.line "readLongVariableSafely(_mqx_kernel_data)"
(17:49:19.463) ERROR: [TadGlobalStatusFactory] Kernel Data NOT valid (pointer: 0x0000)
(17:49:19.463) ERROR: [TadGlobalStatusFactory] MQX data not valid!
(17:49:19.463) INFO: [TadModel$3] Loading of TAD Global Status took 510 ms
(17:49:19.463) INFO: [TadGlobalStatusController] TAD global status data is ready!
(17:49:20.600) INFO: [TadModel] DSF session ID 32 has ended
(17:51:04.106) INFO: [TadModel] DSF session ID 33 has started
(17:51:06.659) INFO: [TadState] TAD state changed from DEBUG_STARTED to DEBUG_INIT_0 (Suspended, USER_REQUEST)
(17:51:09.922) INFO: [TadState] TAD state changed from DEBUG_INIT_0 to DEBUG_INIT_1 (Resumed, USER_REQUEST)
(17:51:09.948) INFO: [TadState] TAD state changed from DEBUG_INIT_1 to DEBUG_SUSPENDED (Suspended, BREAKPOINT)
(17:51:09.949) INFO: [TadState] TAD state changed from DEBUG_SUSPENDED to DEBUG_RESUMED (Resumed, USER_REQUEST)
(17:51:09.951) INFO: [TadState] TAD state changed from DEBUG_RESUMED to READY (Suspended, SIGNAL)
(17:51:10.465) ReadingException: com.freescale.mqx.gdb.tad.model.globalstatus.TadGlobalStatusFactory.isMqxDataValid() at 60.line "readLongVariableSafely(_mqx_kernel_data)"
(17:51:10.465) ERROR: [TadGlobalStatusFactory] Kernel Data NOT valid (pointer: 0x0000)
(17:51:10.465) ERROR: [TadGlobalStatusFactory] MQX data not valid!
(17:51:10.465) INFO: [TadModel$3] Loading of TAD Global Status took 511 ms
(17:51:10.465) INFO: [TadGlobalStatusController] TAD global status data is ready!
(17:51:12.974) INFO: [TadState] TAD state changed from READY to DEBUG_RESUMED (Resumed, USER_REQUEST)
(17:51:29.725) INFO: [TadState] TAD state changed from DEBUG_RESUMED to READY (Suspended, SIGNAL)
(17:51:30.239) ReadingException: com.freescale.mqx.gdb.tad.model.globalstatus.TadGlobalStatusFactory.isMqxDataValid() at 60.line "readLongVariableSafely(_mqx_kernel_data)"
(17:51:30.239) ERROR: [TadGlobalStatusFactory] Kernel Data NOT valid (pointer: 0x0000)
(17:51:30.239) ERROR: [TadGlobalStatusFactory] MQX data not valid!
(17:51:30.239) INFO: [TadModel$3] Loading of TAD Global Status took 507 ms
(17:51:30.239) INFO: [TadGlobalStatusController] TAD global status data is ready!
(17:51:31.373) INFO: [TadModel] DSF session ID 33 has ended
(17:52:10.150) INFO: [TadModel] DSF session ID 34 has started
(17:52:15.044) INFO: [TadState] TAD state changed from DEBUG_STARTED to DEBUG_INIT_0 (Suspended, USER_REQUEST)
(17:52:18.289) INFO: [TadState] TAD state changed from DEBUG_INIT_0 to DEBUG_INIT_1 (Resumed, USER_REQUEST)
(17:52:18.315) INFO: [TadState] TAD state changed from DEBUG_INIT_1 to DEBUG_SUSPENDED (Suspended, BREAKPOINT)
(17:52:18.316) INFO: [TadState] TAD state changed from DEBUG_SUSPENDED to DEBUG_RESUMED (Resumed, USER_REQUEST)
(17:52:18.319) INFO: [TadState] TAD state changed from DEBUG_RESUMED to READY (Suspended, SIGNAL)
(17:52:18.830) ReadingException: com.freescale.mqx.gdb.tad.model.globalstatus.TadGlobalStatusFactory.isMqxDataValid() at 60.line "readLongVariableSafely(_mqx_kernel_data)"
(17:52:18.830) ERROR: [TadGlobalStatusFactory] Kernel Data NOT valid (pointer: 0x0000)
(17:52:18.830) ERROR: [TadGlobalStatusFactory] MQX data not valid!
(17:52:18.830) INFO: [TadModel$3] Loading of TAD Global Status took 509 ms
(17:52:18.831) INFO: [TadGlobalStatusController] TAD global status data is ready!
(17:52:19.406) INFO: [TadState] TAD state changed from READY to DEBUG_RESUMED (Resumed, USER_REQUEST)
(17:53:04.444) INFO: [TadState] TAD state changed from DEBUG_RESUMED to READY (Suspended, SIGNAL)
(17:53:04.950) ReadingException: com.freescale.mqx.gdb.tad.model.globalstatus.TadGlobalStatusFactory.isMqxDataValid() at 60.line "readLongVariableSafely(_mqx_kernel_data)"
(17:53:04.950) ERROR: [TadGlobalStatusFactory] Kernel Data NOT valid (pointer: 0x0000)
(17:53:04.950) ERROR: [TadGlobalStatusFactory] MQX data not valid!
(17:53:04.950) INFO: [TadModel$3] Loading of TAD Global Status took 503 ms
(17:53:04.950) INFO: [TadGlobalStatusController] TAD global status data is ready!
