(20:11:47.089) INFO: [TadState] TAD state init (NONE)
(20:34:40.116) INFO: [TadModel] DSF session ID 0 has started
(20:34:48.550) INFO: [TadModel] DSF session ID 1 has started
(20:35:01.318) INFO: [TadModel] DSF session ID 2 has started
(20:35:26.847) INFO: [TadModel] DSF session ID 3 has started
(20:35:49.440) INFO: [TadModel] DSF session ID 4 has started
(20:35:52.721) INFO: [TadState] TAD state changed from DEBUG_STARTED to DEBUG_INIT_0 (Suspended, USER_REQUEST)
(20:35:54.921) INFO: [TadState] TAD state changed from DEBUG_INIT_0 to DEBUG_INIT_1 (Resumed, USER_REQUEST)
(20:35:54.950) INFO: [TadState] TAD state changed from DEBUG_INIT_1 to DEBUG_SUSPENDED (Suspended, BREAKPOINT)
(20:35:54.951) INFO: [TadState] TAD state changed from DEBUG_SUSPENDED to DEBUG_RESUMED (Suspended, SIGNAL)
(20:35:58.433) INFO: [TadState] TAD state changed from DEBUG_RESUMED to READY (Resumed, USER_REQUEST)
(20:36:00.641) INFO: [TadState] TAD state changed from READY to DEBUG_RESUMED (Suspended, SIGNAL)
(20:36:35.499) INFO: [TadModel] DSF session ID 5 has started
(20:37:45.082) INFO: [TadState] TAD state changed from DEBUG_STARTED to DEBUG_INIT_0 (Suspended, USER_REQUEST)
(20:37:48.120) INFO: [TadState] TAD state changed from DEBUG_INIT_0 to DEBUG_INIT_1 (Resumed, USER_REQUEST)
(20:37:48.147) INFO: [TadState] TAD state changed from DEBUG_INIT_1 to DEBUG_SUSPENDED (Suspended, BREAKPOINT)
(20:37:48.147) INFO: [TadState] TAD state changed from DEBUG_SUSPENDED to DEBUG_RESUMED (Resumed, USER_REQUEST)
(20:37:48.151) INFO: [TadState] TAD state changed from DEBUG_RESUMED to READY (Suspended, SIGNAL)
(20:37:48.674) ReadingException: com.freescale.mqx.gdb.tad.model.globalstatus.TadGlobalStatusFactory.isMqxDataValid() at 60.line "readLongVariableSafely(_mqx_kernel_data)"
(20:37:48.675) ERROR: [TadGlobalStatusFactory] Kernel Data NOT valid (pointer: 0x0000)
(20:37:48.675) ERROR: [TadGlobalStatusFactory] MQX data not valid!
(20:37:48.675) INFO: [TadModel$3] Loading of TAD Global Status took 510 ms
(20:37:48.675) INFO: [TadGlobalStatusController] TAD global status data is ready!
(20:37:56.993) INFO: [TadState] TAD state changed from READY to DEBUG_RESUMED (Resumed, USER_REQUEST)
(20:37:58.067) INFO: [TadState] TAD state changed from DEBUG_RESUMED to READY (Suspended, SIGNAL)
(20:37:58.574) ReadingException: com.freescale.mqx.gdb.tad.model.globalstatus.TadGlobalStatusFactory.isMqxDataValid() at 60.line "readLongVariableSafely(_mqx_kernel_data)"
(20:37:58.574) ERROR: [TadGlobalStatusFactory] Kernel Data NOT valid (pointer: 0x0000)
(20:37:58.574) ERROR: [TadGlobalStatusFactory] MQX data not valid!
(20:37:58.574) INFO: [TadModel$3] Loading of TAD Global Status took 505 ms
(20:37:58.574) INFO: [TadGlobalStatusController] TAD global status data is ready!
(20:37:59.691) INFO: [TadModel] DSF session ID 5 has ended
(20:43:04.133) INFO: [TadModel] DSF session ID 6 has started
(20:43:09.139) INFO: [TadState] TAD state changed from DEBUG_STARTED to DEBUG_INIT_0 (Suspended, USER_REQUEST)
(20:43:12.273) INFO: [TadState] TAD state changed from DEBUG_INIT_0 to DEBUG_INIT_1 (Resumed, USER_REQUEST)
(20:43:12.299) INFO: [TadState] TAD state changed from DEBUG_INIT_1 to DEBUG_SUSPENDED (Suspended, BREAKPOINT)
(20:43:12.299) INFO: [TadState] TAD state changed from DEBUG_SUSPENDED to DEBUG_RESUMED (Resumed, USER_REQUEST)
(20:43:12.304) INFO: [TadState] TAD state changed from DEBUG_RESUMED to READY (Suspended, SIGNAL)
(20:43:12.819) ReadingException: com.freescale.mqx.gdb.tad.model.globalstatus.TadGlobalStatusFactory.isMqxDataValid() at 60.line "readLongVariableSafely(_mqx_kernel_data)"
(20:43:12.819) ERROR: [TadGlobalStatusFactory] Kernel Data NOT valid (pointer: 0x0000)
(20:43:12.819) ERROR: [TadGlobalStatusFactory] MQX data not valid!
(20:43:12.819) INFO: [TadModel$3] Loading of TAD Global Status took 513 ms
(20:43:12.819) INFO: [TadGlobalStatusController] TAD global status data is ready!
(20:43:14.180) INFO: [TadState] TAD state changed from READY to DEBUG_RESUMED (Resumed, USER_REQUEST)
(20:43:15.062) INFO: [TadState] TAD state changed from DEBUG_RESUMED to READY (Suspended, SIGNAL)
(20:43:15.574) ReadingException: com.freescale.mqx.gdb.tad.model.globalstatus.TadGlobalStatusFactory.isMqxDataValid() at 60.line "readLongVariableSafely(_mqx_kernel_data)"
(20:43:15.574) ERROR: [TadGlobalStatusFactory] Kernel Data NOT valid (pointer: 0x0000)
(20:43:15.574) ERROR: [TadGlobalStatusFactory] MQX data not valid!
(20:43:15.574) INFO: [TadModel$3] Loading of TAD Global Status took 510 ms
(20:43:15.574) INFO: [TadGlobalStatusController] TAD global status data is ready!
(20:43:16.701) INFO: [TadModel] DSF session ID 6 has ended
(20:47:32.651) INFO: [TadModel] DSF session ID 7 has started
(20:47:37.254) INFO: [TadState] TAD state changed from DEBUG_STARTED to DEBUG_INIT_0 (Suspended, USER_REQUEST)
(20:47:40.335) INFO: [TadState] TAD state changed from DEBUG_INIT_0 to DEBUG_INIT_1 (Resumed, USER_REQUEST)
(20:47:40.360) INFO: [TadState] TAD state changed from DEBUG_INIT_1 to DEBUG_SUSPENDED (Suspended, BREAKPOINT)
(20:47:40.360) INFO: [TadState] TAD state changed from DEBUG_SUSPENDED to DEBUG_RESUMED (Resumed, USER_REQUEST)
(20:47:40.367) INFO: [TadState] TAD state changed from DEBUG_RESUMED to READY (Suspended, SIGNAL)
(20:47:40.870) ReadingException: com.freescale.mqx.gdb.tad.model.globalstatus.TadGlobalStatusFactory.isMqxDataValid() at 60.line "readLongVariableSafely(_mqx_kernel_data)"
(20:47:40.870) ERROR: [TadGlobalStatusFactory] Kernel Data NOT valid (pointer: 0x0000)
(20:47:40.870) ERROR: [TadGlobalStatusFactory] MQX data not valid!
(20:47:40.870) INFO: [TadModel$3] Loading of TAD Global Status took 501 ms
(20:47:40.870) INFO: [TadGlobalStatusController] TAD global status data is ready!
(20:47:44.965) INFO: [TadState] TAD state changed from READY to DEBUG_RESUMED (Resumed, USER_REQUEST)
(20:48:55.306) INFO: [TadState] TAD state changed from DEBUG_RESUMED to READY (Suspended, SIGNAL)
(20:48:55.820) ReadingException: com.freescale.mqx.gdb.tad.model.globalstatus.TadGlobalStatusFactory.isMqxDataValid() at 60.line "readLongVariableSafely(_mqx_kernel_data)"
(20:48:55.820) ERROR: [TadGlobalStatusFactory] Kernel Data NOT valid (pointer: 0x0000)
(20:48:55.820) ERROR: [TadGlobalStatusFactory] MQX data not valid!
(20:48:55.820) INFO: [TadModel$3] Loading of TAD Global Status took 511 ms
(20:48:55.820) INFO: [TadGlobalStatusController] TAD global status data is ready!
(20:48:56.945) INFO: [TadModel] DSF session ID 7 has ended
(20:48:58.446) INFO: [TadModel] DSF session ID 8 has started
(20:49:01.121) INFO: [TadState] TAD state changed from DEBUG_STARTED to DEBUG_INIT_0 (Suspended, USER_REQUEST)
(20:49:04.160) INFO: [TadState] TAD state changed from DEBUG_INIT_0 to DEBUG_INIT_1 (Resumed, USER_REQUEST)
(20:49:04.189) INFO: [TadState] TAD state changed from DEBUG_INIT_1 to DEBUG_SUSPENDED (Suspended, BREAKPOINT)
(20:49:04.189) INFO: [TadState] TAD state changed from DEBUG_SUSPENDED to DEBUG_RESUMED (Resumed, USER_REQUEST)
(20:49:04.194) INFO: [TadState] TAD state changed from DEBUG_RESUMED to READY (Suspended, SIGNAL)
(20:49:04.697) ReadingException: com.freescale.mqx.gdb.tad.model.globalstatus.TadGlobalStatusFactory.isMqxDataValid() at 60.line "readLongVariableSafely(_mqx_kernel_data)"
(20:49:04.697) ERROR: [TadGlobalStatusFactory] Kernel Data NOT valid (pointer: 0x0000)
(20:49:04.697) ERROR: [TadGlobalStatusFactory] MQX data not valid!
(20:49:04.697) INFO: [TadModel$3] Loading of TAD Global Status took 501 ms
(20:49:04.697) INFO: [TadGlobalStatusController] TAD global status data is ready!
(20:49:05.600) INFO: [TadState] TAD state changed from READY to DEBUG_RESUMED (Resumed, USER_REQUEST)
(20:49:06.837) INFO: [TadState] TAD state changed from DEBUG_RESUMED to READY (Suspended, SIGNAL)
(20:49:07.341) ReadingException: com.freescale.mqx.gdb.tad.model.globalstatus.TadGlobalStatusFactory.isMqxDataValid() at 60.line "readLongVariableSafely(_mqx_kernel_data)"
(20:49:07.341) ERROR: [TadGlobalStatusFactory] Kernel Data NOT valid (pointer: 0x0000)
(20:49:07.341) ERROR: [TadGlobalStatusFactory] MQX data not valid!
(20:49:07.341) INFO: [TadModel$3] Loading of TAD Global Status took 502 ms
(20:49:07.341) INFO: [TadGlobalStatusController] TAD global status data is ready!
(20:49:08.454) INFO: [TadModel] DSF session ID 8 has ended
(20:52:35.108) INFO: [TadModel] DSF session ID 9 has started
(20:52:37.941) INFO: [TadModel] DSF session ID 9 has ended
(20:53:02.207) INFO: [TadModel] DSF session ID 10 has started
(20:53:08.987) INFO: [TadState] TAD state changed from DEBUG_STARTED to DEBUG_INIT_0 (Suspended, USER_REQUEST)
(20:53:12.099) INFO: [TadState] TAD state changed from DEBUG_INIT_0 to DEBUG_INIT_1 (Resumed, USER_REQUEST)
(20:53:12.127) INFO: [TadState] TAD state changed from DEBUG_INIT_1 to DEBUG_SUSPENDED (Suspended, BREAKPOINT)
(20:53:12.128) INFO: [TadState] TAD state changed from DEBUG_SUSPENDED to DEBUG_RESUMED (Resumed, USER_REQUEST)
(20:53:12.132) INFO: [TadState] TAD state changed from DEBUG_RESUMED to READY (Suspended, SIGNAL)
(20:53:12.648) ReadingException: com.freescale.mqx.gdb.tad.model.globalstatus.TadGlobalStatusFactory.isMqxDataValid() at 60.line "readLongVariableSafely(_mqx_kernel_data)"
(20:53:12.648) ERROR: [TadGlobalStatusFactory] Kernel Data NOT valid (pointer: 0x0000)
(20:53:12.649) ERROR: [TadGlobalStatusFactory] MQX data not valid!
(20:53:12.649) INFO: [TadModel$3] Loading of TAD Global Status took 515 ms
(20:53:12.649) INFO: [TadGlobalStatusController] TAD global status data is ready!
(20:53:20.527) INFO: [TadState] TAD state changed from READY to DEBUG_RESUMED (Resumed, USER_REQUEST)
(20:53:25.029) INFO: [TadState] TAD state changed from DEBUG_RESUMED to READY (Suspended, SIGNAL)
(20:53:25.533) ReadingException: com.freescale.mqx.gdb.tad.model.globalstatus.TadGlobalStatusFactory.isMqxDataValid() at 60.line "readLongVariableSafely(_mqx_kernel_data)"
(20:53:25.533) ERROR: [TadGlobalStatusFactory] Kernel Data NOT valid (pointer: 0x0000)
(20:53:25.533) ERROR: [TadGlobalStatusFactory] MQX data not valid!
(20:53:25.533) INFO: [TadModel$3] Loading of TAD Global Status took 504 ms
(20:53:25.533) INFO: [TadGlobalStatusController] TAD global status data is ready!
(20:53:54.861) INFO: [TadModel] DSF session ID 11 has started
(20:53:57.367) INFO: [TadState] TAD state changed from DEBUG_STARTED to DEBUG_INIT_0 (Suspended, USER_REQUEST)
(20:54:00.429) INFO: [TadState] TAD state changed from DEBUG_INIT_0 to DEBUG_INIT_1 (Resumed, USER_REQUEST)
(20:54:00.456) INFO: [TadState] TAD state changed from DEBUG_INIT_1 to DEBUG_SUSPENDED (Suspended, BREAKPOINT)
(20:54:00.457) INFO: [TadState] TAD state changed from DEBUG_SUSPENDED to DEBUG_RESUMED (Resumed, USER_REQUEST)
(20:54:00.460) INFO: [TadState] TAD state changed from DEBUG_RESUMED to READY (Suspended, SIGNAL)
(20:54:00.968) ReadingException: com.freescale.mqx.gdb.tad.model.globalstatus.TadGlobalStatusFactory.isMqxDataValid() at 60.line "readLongVariableSafely(_mqx_kernel_data)"
(20:54:00.968) ERROR: [TadGlobalStatusFactory] Kernel Data NOT valid (pointer: 0x0000)
(20:54:00.968) ERROR: [TadGlobalStatusFactory] MQX data not valid!
(20:54:00.968) INFO: [TadModel$3] Loading of TAD Global Status took 506 ms
(20:54:00.968) INFO: [TadGlobalStatusController] TAD global status data is ready!
(20:54:02.502) INFO: [TadState] TAD state changed from READY to DEBUG_RESUMED (Resumed, USER_REQUEST)
(20:54:04.035) INFO: [TadState] TAD state changed from DEBUG_RESUMED to READY (Suspended, SIGNAL)
(20:54:04.549) ReadingException: com.freescale.mqx.gdb.tad.model.globalstatus.TadGlobalStatusFactory.isMqxDataValid() at 60.line "readLongVariableSafely(_mqx_kernel_data)"
(20:54:04.549) ERROR: [TadGlobalStatusFactory] Kernel Data NOT valid (pointer: 0x0000)
(20:54:04.549) ERROR: [TadGlobalStatusFactory] MQX data not valid!
(20:54:04.549) INFO: [TadModel$3] Loading of TAD Global Status took 512 ms
(20:54:04.549) INFO: [TadGlobalStatusController] TAD global status data is ready!
(20:54:05.683) INFO: [TadModel] DSF session ID 11 has ended
(20:56:00.073) INFO: [TadModel] DSF session ID 12 has started
(20:56:02.672) INFO: [TadState] TAD state changed from DEBUG_STARTED to DEBUG_INIT_0 (Suspended, USER_REQUEST)
(20:56:05.749) INFO: [TadState] TAD state changed from DEBUG_INIT_0 to DEBUG_INIT_1 (Resumed, USER_REQUEST)
(20:56:05.775) INFO: [TadState] TAD state changed from DEBUG_INIT_1 to DEBUG_SUSPENDED (Suspended, BREAKPOINT)
(20:56:05.776) INFO: [TadState] TAD state changed from DEBUG_SUSPENDED to DEBUG_RESUMED (Resumed, USER_REQUEST)
(20:56:05.779) INFO: [TadState] TAD state changed from DEBUG_RESUMED to READY (Suspended, SIGNAL)
(20:56:06.285) ReadingException: com.freescale.mqx.gdb.tad.model.globalstatus.TadGlobalStatusFactory.isMqxDataValid() at 60.line "readLongVariableSafely(_mqx_kernel_data)"
(20:56:06.285) ERROR: [TadGlobalStatusFactory] Kernel Data NOT valid (pointer: 0x0000)
(20:56:06.285) ERROR: [TadGlobalStatusFactory] MQX data not valid!
(20:56:06.285) INFO: [TadModel$3] Loading of TAD Global Status took 504 ms
(20:56:06.285) INFO: [TadGlobalStatusController] TAD global status data is ready!
(20:56:06.852) INFO: [TadState] TAD state changed from READY to DEBUG_RESUMED (Resumed, USER_REQUEST)
(20:56:08.517) INFO: [TadState] TAD state changed from DEBUG_RESUMED to READY (Suspended, SIGNAL)
(20:56:09.024) ReadingException: com.freescale.mqx.gdb.tad.model.globalstatus.TadGlobalStatusFactory.isMqxDataValid() at 60.line "readLongVariableSafely(_mqx_kernel_data)"
(20:56:09.024) ERROR: [TadGlobalStatusFactory] Kernel Data NOT valid (pointer: 0x0000)
(20:56:09.024) ERROR: [TadGlobalStatusFactory] MQX data not valid!
(20:56:09.024) INFO: [TadModel$3] Loading of TAD Global Status took 505 ms
(20:56:09.024) INFO: [TadGlobalStatusController] TAD global status data is ready!
(20:56:10.142) INFO: [TadModel] DSF session ID 12 has ended
(21:02:48.509) INFO: [TadModel] DSF session ID 13 has started
(21:02:53.133) INFO: [TadState] TAD state changed from DEBUG_STARTED to DEBUG_INIT_0 (Suspended, USER_REQUEST)
(21:02:56.182) INFO: [TadState] TAD state changed from DEBUG_INIT_0 to DEBUG_INIT_1 (Resumed, USER_REQUEST)
(21:02:56.208) INFO: [TadState] TAD state changed from DEBUG_INIT_1 to DEBUG_SUSPENDED (Suspended, BREAKPOINT)
(21:02:56.208) INFO: [TadState] TAD state changed from DEBUG_SUSPENDED to DEBUG_RESUMED (Resumed, USER_REQUEST)
(21:02:56.210) INFO: [TadState] TAD state changed from DEBUG_RESUMED to READY (Suspended, SIGNAL)
(21:02:56.724) ReadingException: com.freescale.mqx.gdb.tad.model.globalstatus.TadGlobalStatusFactory.isMqxDataValid() at 60.line "readLongVariableSafely(_mqx_kernel_data)"
(21:02:56.724) ERROR: [TadGlobalStatusFactory] Kernel Data NOT valid (pointer: 0x0000)
(21:02:56.724) ERROR: [TadGlobalStatusFactory] MQX data not valid!
(21:02:56.724) INFO: [TadModel$3] Loading of TAD Global Status took 509 ms
(21:02:56.724) INFO: [TadGlobalStatusController] TAD global status data is ready!
(21:02:58.297) INFO: [TadState] TAD state changed from READY to DEBUG_RESUMED (Resumed, USER_REQUEST)
(21:03:33.976) INFO: [TadState] TAD state changed from DEBUG_RESUMED to READY (Suspended, SIGNAL)
(21:03:34.488) ReadingException: com.freescale.mqx.gdb.tad.model.globalstatus.TadGlobalStatusFactory.isMqxDataValid() at 60.line "readLongVariableSafely(_mqx_kernel_data)"
(21:03:34.488) ERROR: [TadGlobalStatusFactory] Kernel Data NOT valid (pointer: 0x0000)
(21:03:34.488) ERROR: [TadGlobalStatusFactory] MQX data not valid!
(21:03:34.488) INFO: [TadModel$3] Loading of TAD Global Status took 510 ms
(21:03:34.488) INFO: [TadGlobalStatusController] TAD global status data is ready!
(21:03:35.610) INFO: [TadModel] DSF session ID 13 has ended
(21:04:27.823) INFO: [TadModel] DSF session ID 14 has started
(21:04:30.373) INFO: [TadState] TAD state changed from DEBUG_STARTED to DEBUG_INIT_0 (Suspended, USER_REQUEST)
(21:04:33.457) INFO: [TadState] TAD state changed from DEBUG_INIT_0 to DEBUG_INIT_1 (Resumed, USER_REQUEST)
(21:04:33.488) INFO: [TadState] TAD state changed from DEBUG_INIT_1 to DEBUG_SUSPENDED (Suspended, BREAKPOINT)
(21:04:33.488) INFO: [TadState] TAD state changed from DEBUG_SUSPENDED to DEBUG_RESUMED (Resumed, USER_REQUEST)
(21:04:33.488) INFO: [TadState] TAD state changed from DEBUG_RESUMED to READY (Suspended, SIGNAL)
(21:04:34.013) ReadingException: com.freescale.mqx.gdb.tad.model.globalstatus.TadGlobalStatusFactory.isMqxDataValid() at 60.line "readLongVariableSafely(_mqx_kernel_data)"
(21:04:34.013) ERROR: [TadGlobalStatusFactory] Kernel Data NOT valid (pointer: 0x0000)
(21:04:34.013) ERROR: [TadGlobalStatusFactory] MQX data not valid!
(21:04:34.013) INFO: [TadModel$3] Loading of TAD Global Status took 515 ms
(21:04:34.013) INFO: [TadGlobalStatusController] TAD global status data is ready!
(21:04:38.341) INFO: [TadState] TAD state changed from READY to DEBUG_RESUMED (Resumed, USER_REQUEST)
(21:05:26.479) INFO: [TadState] TAD state changed from DEBUG_RESUMED to READY (Suspended, SIGNAL)
(21:05:26.984) ReadingException: com.freescale.mqx.gdb.tad.model.globalstatus.TadGlobalStatusFactory.isMqxDataValid() at 60.line "readLongVariableSafely(_mqx_kernel_data)"
(21:05:26.984) ERROR: [TadGlobalStatusFactory] Kernel Data NOT valid (pointer: 0x0000)
(21:05:26.984) ERROR: [TadGlobalStatusFactory] MQX data not valid!
(21:05:26.984) INFO: [TadModel$3] Loading of TAD Global Status took 502 ms
(21:05:26.984) INFO: [TadGlobalStatusController] TAD global status data is ready!
(21:05:28.121) INFO: [TadModel] DSF session ID 14 has ended
(21:05:30.009) INFO: [TadModel] DSF session ID 15 has started
(21:05:34.654) INFO: [TadState] TAD state changed from DEBUG_STARTED to DEBUG_INIT_0 (Suspended, USER_REQUEST)
(21:05:37.721) INFO: [TadState] TAD state changed from DEBUG_INIT_0 to DEBUG_INIT_1 (Resumed, USER_REQUEST)
(21:05:37.747) INFO: [TadState] TAD state changed from DEBUG_INIT_1 to DEBUG_SUSPENDED (Suspended, BREAKPOINT)
(21:05:37.748) INFO: [TadState] TAD state changed from DEBUG_SUSPENDED to DEBUG_RESUMED (Resumed, USER_REQUEST)
(21:05:37.748) INFO: [TadState] TAD state changed from DEBUG_RESUMED to READY (Suspended, SIGNAL)
(21:05:38.266) ReadingException: com.freescale.mqx.gdb.tad.model.globalstatus.TadGlobalStatusFactory.isMqxDataValid() at 60.line "readLongVariableSafely(_mqx_kernel_data)"
(21:05:38.266) ERROR: [TadGlobalStatusFactory] Kernel Data NOT valid (pointer: 0x0000)
(21:05:38.266) ERROR: [TadGlobalStatusFactory] MQX data not valid!
(21:05:38.266) INFO: [TadModel$3] Loading of TAD Global Status took 513 ms
(21:05:38.266) INFO: [TadGlobalStatusController] TAD global status data is ready!
(21:05:41.616) INFO: [TadState] TAD state changed from READY to DEBUG_RESUMED (Resumed, USER_REQUEST)
(21:05:45.283) INFO: [TadState] TAD state changed from DEBUG_RESUMED to READY (Suspended, SIGNAL)
(21:05:45.800) ReadingException: com.freescale.mqx.gdb.tad.model.globalstatus.TadGlobalStatusFactory.isMqxDataValid() at 60.line "readLongVariableSafely(_mqx_kernel_data)"
(21:05:45.800) ERROR: [TadGlobalStatusFactory] Kernel Data NOT valid (pointer: 0x0000)
(21:05:45.800) ERROR: [TadGlobalStatusFactory] MQX data not valid!
(21:05:45.800) INFO: [TadModel$3] Loading of TAD Global Status took 515 ms
(21:05:45.800) INFO: [TadGlobalStatusController] TAD global status data is ready!
(21:05:46.917) INFO: [TadModel] DSF session ID 15 has ended
(21:07:32.226) INFO: [TadModel] DSF session ID 16 has started
(21:07:34.755) INFO: [TadState] TAD state changed from DEBUG_STARTED to DEBUG_INIT_0 (Suspended, USER_REQUEST)
(21:07:37.844) INFO: [TadState] TAD state changed from DEBUG_INIT_0 to DEBUG_INIT_1 (Resumed, USER_REQUEST)
(21:07:37.871) INFO: [TadState] TAD state changed from DEBUG_INIT_1 to DEBUG_SUSPENDED (Suspended, BREAKPOINT)
(21:07:37.872) INFO: [TadState] TAD state changed from DEBUG_SUSPENDED to DEBUG_RESUMED (Resumed, USER_REQUEST)
(21:07:37.876) INFO: [TadState] TAD state changed from DEBUG_RESUMED to READY (Suspended, SIGNAL)
(21:07:38.387) ReadingException: com.freescale.mqx.gdb.tad.model.globalstatus.TadGlobalStatusFactory.isMqxDataValid() at 60.line "readLongVariableSafely(_mqx_kernel_data)"
(21:07:38.387) ERROR: [TadGlobalStatusFactory] Kernel Data NOT valid (pointer: 0x0000)
(21:07:38.387) ERROR: [TadGlobalStatusFactory] MQX data not valid!
(21:07:38.387) INFO: [TadModel$3] Loading of TAD Global Status took 509 ms
(21:07:38.387) INFO: [TadGlobalStatusController] TAD global status data is ready!
(21:07:40.131) INFO: [TadState] TAD state changed from READY to DEBUG_RESUMED (Resumed, USER_REQUEST)
(21:07:54.878) INFO: [TadState] TAD state changed from DEBUG_RESUMED to READY (Suspended, SIGNAL)
(21:07:55.389) ReadingException: com.freescale.mqx.gdb.tad.model.globalstatus.TadGlobalStatusFactory.isMqxDataValid() at 60.line "readLongVariableSafely(_mqx_kernel_data)"
(21:07:55.389) ERROR: [TadGlobalStatusFactory] Kernel Data NOT valid (pointer: 0x0000)
(21:07:55.389) ERROR: [TadGlobalStatusFactory] MQX data not valid!
(21:07:55.389) INFO: [TadModel$3] Loading of TAD Global Status took 507 ms
(21:07:55.389) INFO: [TadGlobalStatusController] TAD global status data is ready!
(21:07:56.309) INFO: [TadModel] DSF session ID 16 has ended
(21:12:10.796) INFO: [TadModel] DSF session ID 17 has started
(21:12:13.426) INFO: [TadState] TAD state changed from DEBUG_STARTED to DEBUG_INIT_0 (Suspended, USER_REQUEST)
(21:12:16.715) INFO: [TadState] TAD state changed from DEBUG_INIT_0 to DEBUG_INIT_1 (Resumed, USER_REQUEST)
(21:12:16.742) INFO: [TadState] TAD state changed from DEBUG_INIT_1 to DEBUG_SUSPENDED (Suspended, BREAKPOINT)
(21:12:16.742) INFO: [TadState] TAD state changed from DEBUG_SUSPENDED to DEBUG_RESUMED (Resumed, USER_REQUEST)
(21:12:16.746) INFO: [TadState] TAD state changed from DEBUG_RESUMED to READY (Suspended, SIGNAL)
(21:12:17.254) ReadingException: com.freescale.mqx.gdb.tad.model.globalstatus.TadGlobalStatusFactory.isMqxDataValid() at 60.line "readLongVariableSafely(_mqx_kernel_data)"
(21:12:17.254) ERROR: [TadGlobalStatusFactory] Kernel Data NOT valid (pointer: 0x0000)
(21:12:17.254) ERROR: [TadGlobalStatusFactory] MQX data not valid!
(21:12:17.254) INFO: [TadModel$3] Loading of TAD Global Status took 506 ms
(21:12:17.254) INFO: [TadGlobalStatusController] TAD global status data is ready!
(21:12:18.781) INFO: [TadState] TAD state changed from READY to DEBUG_RESUMED (Resumed, USER_REQUEST)
(21:12:22.869) INFO: [TadState] TAD state changed from DEBUG_RESUMED to READY (Suspended, SIGNAL)
(21:12:23.375) ReadingException: com.freescale.mqx.gdb.tad.model.globalstatus.TadGlobalStatusFactory.isMqxDataValid() at 60.line "readLongVariableSafely(_mqx_kernel_data)"
(21:12:23.375) ERROR: [TadGlobalStatusFactory] Kernel Data NOT valid (pointer: 0x0000)
(21:12:23.375) ERROR: [TadGlobalStatusFactory] MQX data not valid!
(21:12:23.375) INFO: [TadModel$3] Loading of TAD Global Status took 504 ms
(21:12:23.375) INFO: [TadGlobalStatusController] TAD global status data is ready!
(21:12:24.509) INFO: [TadModel] DSF session ID 17 has ended
(21:12:49.798) INFO: [TadModel] DSF session ID 18 has started
(21:12:52.505) INFO: [TadState] TAD state changed from DEBUG_STARTED to DEBUG_INIT_0 (Suspended, USER_REQUEST)
(21:12:55.794) INFO: [TadState] TAD state changed from DEBUG_INIT_0 to DEBUG_INIT_1 (Resumed, USER_REQUEST)
(21:12:55.821) INFO: [TadState] TAD state changed from DEBUG_INIT_1 to DEBUG_SUSPENDED (Suspended, BREAKPOINT)
(21:12:55.822) INFO: [TadState] TAD state changed from DEBUG_SUSPENDED to DEBUG_RESUMED (Resumed, USER_REQUEST)
(21:12:55.825) INFO: [TadState] TAD state changed from DEBUG_RESUMED to READY (Suspended, SIGNAL)
(21:12:56.334) ReadingException: com.freescale.mqx.gdb.tad.model.globalstatus.TadGlobalStatusFactory.isMqxDataValid() at 60.line "readLongVariableSafely(_mqx_kernel_data)"
(21:12:56.334) ERROR: [TadGlobalStatusFactory] Kernel Data NOT valid (pointer: 0x0000)
(21:12:56.334) ERROR: [TadGlobalStatusFactory] MQX data not valid!
(21:12:56.334) INFO: [TadModel$3] Loading of TAD Global Status took 507 ms
(21:12:56.334) INFO: [TadGlobalStatusController] TAD global status data is ready!
(21:12:56.757) INFO: [TadState] TAD state changed from READY to DEBUG_RESUMED (Resumed, USER_REQUEST)
(21:12:57.530) INFO: [TadState] TAD state changed from DEBUG_RESUMED to READY (Suspended, SIGNAL)
(21:12:58.048) ReadingException: com.freescale.mqx.gdb.tad.model.globalstatus.TadGlobalStatusFactory.isMqxDataValid() at 60.line "readLongVariableSafely(_mqx_kernel_data)"
(21:12:58.048) ERROR: [TadGlobalStatusFactory] Kernel Data NOT valid (pointer: 0x0000)
(21:12:58.048) ERROR: [TadGlobalStatusFactory] MQX data not valid!
(21:12:58.048) INFO: [TadModel$3] Loading of TAD Global Status took 515 ms
(21:12:58.048) INFO: [TadGlobalStatusController] TAD global status data is ready!
(21:12:59.177) INFO: [TadModel] DSF session ID 18 has ended
(21:13:04.798) INFO: [TadModel] DSF session ID 19 has started
(21:13:07.493) INFO: [TadState] TAD state changed from DEBUG_STARTED to DEBUG_INIT_0 (Suspended, USER_REQUEST)
(21:13:10.536) INFO: [TadState] TAD state changed from DEBUG_INIT_0 to DEBUG_INIT_1 (Resumed, USER_REQUEST)
(21:13:10.564) INFO: [TadState] TAD state changed from DEBUG_INIT_1 to DEBUG_SUSPENDED (Suspended, BREAKPOINT)
(21:13:10.565) INFO: [TadState] TAD state changed from DEBUG_SUSPENDED to DEBUG_RESUMED (Resumed, USER_REQUEST)
(21:13:10.568) INFO: [TadState] TAD state changed from DEBUG_RESUMED to READY (Suspended, SIGNAL)
(21:13:11.085) ReadingException: com.freescale.mqx.gdb.tad.model.globalstatus.TadGlobalStatusFactory.isMqxDataValid() at 60.line "readLongVariableSafely(_mqx_kernel_data)"
(21:13:11.085) ERROR: [TadGlobalStatusFactory] Kernel Data NOT valid (pointer: 0x0000)
(21:13:11.085) ERROR: [TadGlobalStatusFactory] MQX data not valid!
(21:13:11.085) INFO: [TadModel$3] Loading of TAD Global Status took 515 ms
(21:13:11.085) INFO: [TadGlobalStatusController] TAD global status data is ready!
(21:13:11.786) INFO: [TadState] TAD state changed from READY to DEBUG_RESUMED (Resumed, USER_REQUEST)
(21:13:13.293) INFO: [TadState] TAD state changed from DEBUG_RESUMED to READY (Suspended, SIGNAL)
(21:13:13.800) ReadingException: com.freescale.mqx.gdb.tad.model.globalstatus.TadGlobalStatusFactory.isMqxDataValid() at 60.line "readLongVariableSafely(_mqx_kernel_data)"
(21:13:13.800) ERROR: [TadGlobalStatusFactory] Kernel Data NOT valid (pointer: 0x0000)
(21:13:13.800) ERROR: [TadGlobalStatusFactory] MQX data not valid!
(21:13:13.800) INFO: [TadModel$3] Loading of TAD Global Status took 505 ms
(21:13:13.800) INFO: [TadGlobalStatusController] TAD global status data is ready!
